This file contains any messages produced by compilers while
running configure, to aid debugging if configure makes a mistake.

It was created by libewf configure 20140813, which was
generated by GNU Autoconf 2.69.  Invocation command line was

  $ ./configure --enable-staic

## --------- ##
## Platform. ##
## --------- ##

hostname = HudunWorkPC
uname -m = i686
uname -r = 3.3.4(0.341/5/3)
uname -s = CYGWIN_NT-10.0-WOW
uname -v = 2022-01-31 19:31

/usr/bin/uname -p = unknown
/bin/uname -X     = unknown

/bin/arch              = i686
/usr/bin/arch -k       = unknown
/usr/convex/getsysinfo = unknown
/usr/bin/hostinfo      = unknown
/bin/machine           = unknown
/usr/bin/oslevel       = unknown
/bin/universe          = unknown

PATH: /usr/local/bin
PATH: /usr/bin
PATH: /cygdrive/c/Program Files (x86)/mingw-w64/i686-8.1.0-win32-dwarf-rt_v6-rev0/mingw32/bin
PATH: /cygdrive/c/Windows
PATH: /cygdrive/c/Windows/System32/Wbem
PATH: /cygdrive/c/Windows/System32/WindowsPowerShell/v1.0
PATH: /cygdrive/c/Windows/System32/OpenSSH
PATH: /cygdrive/c/Program Files/Calibre2
PATH: /cygdrive/c/Windows/System32
PATH: /cygdrive/c/Users/67566/AppData/Local/Microsoft/WindowsApps
PATH: /cygdrive/c/Users/67566/AppData/Local/Programs/Microsoft VS Code/bin
PATH: /cygdrive/c/Windows/WinSxS/amd64_microsoft-windows-lxss-wsl_31bf3856ad364e35_10.0.22000.1_none_d9322203d3a93255/wsl.exe
PATH: /cygdrive/c/Windows/System32


## ----------- ##
## Core tests. ##
## ----------- ##

configure:3348: checking for a BSD-compatible install
configure:3416: result: /usr/bin/install -c
configure:3427: checking whether build environment is sane
configure:3482: result: yes
configure:3633: checking for a thread-safe mkdir -p
configure:3672: result: /usr/bin/mkdir -p
configure:3679: checking for gawk
configure:3695: found /usr/bin/gawk
configure:3706: result: gawk
configure:3717: checking whether make sets $(MAKE)
configure:3739: result: yes
configure:3768: checking whether make supports nested variables
configure:3785: result: yes
configure:3874: checking whether UID '197609' is supported by ustar format
configure:3877: result: yes
configure:3884: checking whether GID '197609' is supported by ustar format
configure:3887: result: yes
configure:3895: checking how to create a ustar tar archive
configure:3906: tar --version
tar (GNU tar) 1.34
Packaged by Cygwin (1.34-1)
Copyright (C) 2021 Free Software Foundation, Inc.
License GPLv3+: GNU GPL version 3 or later <https://gnu.org/licenses/gpl.html>.
This is free software: you are free to change and redistribute it.
There is NO WARRANTY, to the extent permitted by law.

Written by John Gilmore and Jay Fenlason.
configure:3909: $? = 0
configure:3949: tardir=conftest.dir && eval tar --format=ustar -chf - "$tardir" >conftest.tar
configure:3952: $? = 0
configure:3956: tar -xf - <conftest.tar
configure:3959: $? = 0
configure:3961: cat conftest.dir/file
GrepMe
configure:3964: $? = 0
configure:3977: result: gnutar
configure:4034: checking build system type

## ---------------- ##
## Cache variables. ##
## ---------------- ##

ac_cv_env_CCC_set=
ac_cv_env_CCC_value=
ac_cv_env_CC_set=
ac_cv_env_CC_value=
ac_cv_env_CFLAGS_set=
ac_cv_env_CFLAGS_value=
ac_cv_env_CPPFLAGS_set=
ac_cv_env_CPPFLAGS_value=
ac_cv_env_CPP_set=
ac_cv_env_CPP_value=
ac_cv_env_CXXCPP_set=
ac_cv_env_CXXCPP_value=
ac_cv_env_CXXFLAGS_set=
ac_cv_env_CXXFLAGS_value=
ac_cv_env_CXX_set=
ac_cv_env_CXX_value=
ac_cv_env_LDFLAGS_set=
ac_cv_env_LDFLAGS_value=
ac_cv_env_LIBS_set=
ac_cv_env_LIBS_value=
ac_cv_env_LT_SYS_LIBRARY_PATH_set=
ac_cv_env_LT_SYS_LIBRARY_PATH_value=
ac_cv_env_PKG_CONFIG_LIBDIR_set=
ac_cv_env_PKG_CONFIG_LIBDIR_value=
ac_cv_env_PKG_CONFIG_PATH_set=
ac_cv_env_PKG_CONFIG_PATH_value=
ac_cv_env_PKG_CONFIG_set=
ac_cv_env_PKG_CONFIG_value=
ac_cv_env_YACC_set=
ac_cv_env_YACC_value=
ac_cv_env_YFLAGS_set=
ac_cv_env_YFLAGS_value=
ac_cv_env_build_alias_set=
ac_cv_env_build_alias_value=
ac_cv_env_fuse_CFLAGS_set=
ac_cv_env_fuse_CFLAGS_value=
ac_cv_env_fuse_LIBS_set=
ac_cv_env_fuse_LIBS_value=
ac_cv_env_host_alias_set=
ac_cv_env_host_alias_value=
ac_cv_env_libbfio_CFLAGS_set=
ac_cv_env_libbfio_CFLAGS_value=
ac_cv_env_libbfio_LIBS_set=
ac_cv_env_libbfio_LIBS_value=
ac_cv_env_libcdata_CFLAGS_set=
ac_cv_env_libcdata_CFLAGS_value=
ac_cv_env_libcdata_LIBS_set=
ac_cv_env_libcdata_LIBS_value=
ac_cv_env_libcdatetime_CFLAGS_set=
ac_cv_env_libcdatetime_CFLAGS_value=
ac_cv_env_libcdatetime_LIBS_set=
ac_cv_env_libcdatetime_LIBS_value=
ac_cv_env_libcerror_CFLAGS_set=
ac_cv_env_libcerror_CFLAGS_value=
ac_cv_env_libcerror_LIBS_set=
ac_cv_env_libcerror_LIBS_value=
ac_cv_env_libcfile_CFLAGS_set=
ac_cv_env_libcfile_CFLAGS_value=
ac_cv_env_libcfile_LIBS_set=
ac_cv_env_libcfile_LIBS_value=
ac_cv_env_libclocale_CFLAGS_set=
ac_cv_env_libclocale_CFLAGS_value=
ac_cv_env_libclocale_LIBS_set=
ac_cv_env_libclocale_LIBS_value=
ac_cv_env_libcnotify_CFLAGS_set=
ac_cv_env_libcnotify_CFLAGS_value=
ac_cv_env_libcnotify_LIBS_set=
ac_cv_env_libcnotify_LIBS_value=
ac_cv_env_libcpath_CFLAGS_set=
ac_cv_env_libcpath_CFLAGS_value=
ac_cv_env_libcpath_LIBS_set=
ac_cv_env_libcpath_LIBS_value=
ac_cv_env_libcsplit_CFLAGS_set=
ac_cv_env_libcsplit_CFLAGS_value=
ac_cv_env_libcsplit_LIBS_set=
ac_cv_env_libcsplit_LIBS_value=
ac_cv_env_libcthreads_CFLAGS_set=
ac_cv_env_libcthreads_CFLAGS_value=
ac_cv_env_libcthreads_LIBS_set=
ac_cv_env_libcthreads_LIBS_value=
ac_cv_env_libfcache_CFLAGS_set=
ac_cv_env_libfcache_CFLAGS_value=
ac_cv_env_libfcache_LIBS_set=
ac_cv_env_libfcache_LIBS_value=
ac_cv_env_libfdata_CFLAGS_set=
ac_cv_env_libfdata_CFLAGS_value=
ac_cv_env_libfdata_LIBS_set=
ac_cv_env_libfdata_LIBS_value=
ac_cv_env_libfvalue_CFLAGS_set=
ac_cv_env_libfvalue_CFLAGS_value=
ac_cv_env_libfvalue_LIBS_set=
ac_cv_env_libfvalue_LIBS_value=
ac_cv_env_libhmac_CFLAGS_set=
ac_cv_env_libhmac_CFLAGS_value=
ac_cv_env_libhmac_LIBS_set=
ac_cv_env_libhmac_LIBS_value=
ac_cv_env_libmfdata_CFLAGS_set=
ac_cv_env_libmfdata_CFLAGS_value=
ac_cv_env_libmfdata_LIBS_set=
ac_cv_env_libmfdata_LIBS_value=
ac_cv_env_libodraw_CFLAGS_set=
ac_cv_env_libodraw_CFLAGS_value=
ac_cv_env_libodraw_LIBS_set=
ac_cv_env_libodraw_LIBS_value=
ac_cv_env_libsmdev_CFLAGS_set=
ac_cv_env_libsmdev_CFLAGS_value=
ac_cv_env_libsmdev_LIBS_set=
ac_cv_env_libsmdev_LIBS_value=
ac_cv_env_libsmraw_CFLAGS_set=
ac_cv_env_libsmraw_CFLAGS_value=
ac_cv_env_libsmraw_LIBS_set=
ac_cv_env_libsmraw_LIBS_value=
ac_cv_env_libuna_CFLAGS_set=
ac_cv_env_libuna_CFLAGS_value=
ac_cv_env_libuna_LIBS_set=
ac_cv_env_libuna_LIBS_value=
ac_cv_env_openssl_CFLAGS_set=
ac_cv_env_openssl_CFLAGS_value=
ac_cv_env_openssl_LIBS_set=
ac_cv_env_openssl_LIBS_value=
ac_cv_env_target_alias_set=
ac_cv_env_target_alias_value=
ac_cv_env_uuid_CFLAGS_set=
ac_cv_env_uuid_CFLAGS_value=
ac_cv_env_uuid_LIBS_set=
ac_cv_env_uuid_LIBS_value=
ac_cv_env_zlib_CFLAGS_set=
ac_cv_env_zlib_CFLAGS_value=
ac_cv_env_zlib_LIBS_set=
ac_cv_env_zlib_LIBS_value=
ac_cv_path_install='/usr/bin/install -c'
ac_cv_path_mkdir=/usr/bin/mkdir
ac_cv_prog_AWK=gawk
ac_cv_prog_make_make_set=yes
am_cv_make_support_nested_variables=yes
am_cv_prog_tar_ustar=gnutar

## ----------------- ##
## Output variables. ##
## ----------------- ##

ACLOCAL='${SHELL} /home/67566/libewf-20140813/missing aclocal-1.16'
AMDEPBACKSLASH=''
AMDEP_FALSE=''
AMDEP_TRUE=''
AMTAR='$${TAR-tar}'
AM_BACKSLASH='\'
AM_DEFAULT_V='$(AM_DEFAULT_VERBOSITY)'
AM_DEFAULT_VERBOSITY='1'
AM_V='$(V)'
AR=''
AS=''
AUTOCONF='${SHELL} /home/67566/libewf-20140813/missing autoconf'
AUTOHEADER='${SHELL} /home/67566/libewf-20140813/missing autoheader'
AUTOMAKE='${SHELL} /home/67566/libewf-20140813/missing automake-1.16'
AWK='gawk'
CC=''
CCDEPMODE=''
CFLAGS=''
CPP=''
CPPFLAGS=''
CXX=''
CXXCPP=''
CXXDEPMODE=''
CXXFLAGS=''
CYGPATH_W='cygpath -w'
DEFS=''
DEPDIR=''
DLLTOOL=''
DPKG_DATE=''
DSYMUTIL=''
DUMPBIN=''
ECHO_C=''
ECHO_N='-n'
ECHO_T=''
EGREP=''
EXEEXT=''
FGREP=''
GETTEXT_MACRO_VERSION=''
GMSGFMT=''
GMSGFMT_015=''
GREP=''
HAVE_CXX11=''
HAVE_CXX11_FALSE=''
HAVE_CXX11_TRUE=''
HAVE_DLLMAIN=''
HAVE_INTTYPES_H=''
HAVE_LIBBFIO=''
HAVE_LIBCDATA=''
HAVE_LIBCDATETIME=''
HAVE_LIBCERROR=''
HAVE_LIBCFILE=''
HAVE_LIBCLOCALE=''
HAVE_LIBCNOTIFY=''
HAVE_LIBCPATH=''
HAVE_LIBCSPLIT=''
HAVE_LIBCTHREADS=''
HAVE_LIBFCACHE=''
HAVE_LIBFDATA=''
HAVE_LIBFUSE=''
HAVE_LIBFVALUE=''
HAVE_LIBHMAC=''
HAVE_LIBMFDATA=''
HAVE_LIBODRAW=''
HAVE_LIBSMDEV=''
HAVE_LIBSMRAW=''
HAVE_LIBUNA=''
HAVE_LIBUUID=''
HAVE_LOCAL_LIBBFIO=''
HAVE_LOCAL_LIBBFIO_FALSE=''
HAVE_LOCAL_LIBBFIO_TRUE=''
HAVE_LOCAL_LIBCDATA=''
HAVE_LOCAL_LIBCDATA_FALSE=''
HAVE_LOCAL_LIBCDATA_TRUE=''
HAVE_LOCAL_LIBCDATETIME=''
HAVE_LOCAL_LIBCDATETIME_FALSE=''
HAVE_LOCAL_LIBCDATETIME_TRUE=''
HAVE_LOCAL_LIBCERROR=''
HAVE_LOCAL_LIBCERROR_FALSE=''
HAVE_LOCAL_LIBCERROR_TRUE=''
HAVE_LOCAL_LIBCFILE=''
HAVE_LOCAL_LIBCFILE_FALSE=''
HAVE_LOCAL_LIBCFILE_TRUE=''
HAVE_LOCAL_LIBCLOCALE=''
HAVE_LOCAL_LIBCLOCALE_FALSE=''
HAVE_LOCAL_LIBCLOCALE_TRUE=''
HAVE_LOCAL_LIBCNOTIFY=''
HAVE_LOCAL_LIBCNOTIFY_FALSE=''
HAVE_LOCAL_LIBCNOTIFY_TRUE=''
HAVE_LOCAL_LIBCPATH=''
HAVE_LOCAL_LIBCPATH_FALSE=''
HAVE_LOCAL_LIBCPATH_TRUE=''
HAVE_LOCAL_LIBCSPLIT=''
HAVE_LOCAL_LIBCSPLIT_FALSE=''
HAVE_LOCAL_LIBCSPLIT_TRUE=''
HAVE_LOCAL_LIBCTHREADS=''
HAVE_LOCAL_LIBCTHREADS_FALSE=''
HAVE_LOCAL_LIBCTHREADS_TRUE=''
HAVE_LOCAL_LIBFCACHE=''
HAVE_LOCAL_LIBFCACHE_FALSE=''
HAVE_LOCAL_LIBFCACHE_TRUE=''
HAVE_LOCAL_LIBFDATA=''
HAVE_LOCAL_LIBFDATA_FALSE=''
HAVE_LOCAL_LIBFDATA_TRUE=''
HAVE_LOCAL_LIBFVALUE=''
HAVE_LOCAL_LIBFVALUE_FALSE=''
HAVE_LOCAL_LIBFVALUE_TRUE=''
HAVE_LOCAL_LIBHMAC=''
HAVE_LOCAL_LIBHMAC_FALSE=''
HAVE_LOCAL_LIBHMAC_TRUE=''
HAVE_LOCAL_LIBMFDATA=''
HAVE_LOCAL_LIBMFDATA_FALSE=''
HAVE_LOCAL_LIBMFDATA_TRUE=''
HAVE_LOCAL_LIBODRAW=''
HAVE_LOCAL_LIBODRAW_FALSE=''
HAVE_LOCAL_LIBODRAW_TRUE=''
HAVE_LOCAL_LIBSMDEV=''
HAVE_LOCAL_LIBSMDEV_FALSE=''
HAVE_LOCAL_LIBSMDEV_TRUE=''
HAVE_LOCAL_LIBSMRAW=''
HAVE_LOCAL_LIBSMRAW_FALSE=''
HAVE_LOCAL_LIBSMRAW_TRUE=''
HAVE_LOCAL_LIBUNA=''
HAVE_LOCAL_LIBUNA_FALSE=''
HAVE_LOCAL_LIBUNA_TRUE=''
HAVE_MULTI_THREAD_SUPPORT=''
HAVE_OFF64_T=''
HAVE_OPENSSL_EVP_H=''
HAVE_PTHREAD=''
HAVE_PYTHON2_FALSE=''
HAVE_PYTHON2_TRUE=''
HAVE_PYTHON3_FALSE=''
HAVE_PYTHON3_TRUE=''
HAVE_PYTHON_FALSE=''
HAVE_PYTHON_TESTS_FALSE=''
HAVE_PYTHON_TESTS_TRUE=''
HAVE_PYTHON_TRUE=''
HAVE_SIZE32_T=''
HAVE_SIZE64_T=''
HAVE_SSIZE32_T=''
HAVE_SSIZE64_T=''
HAVE_STDINT_H=''
HAVE_SYS_TYPES_H=''
HAVE_V1_API=''
HAVE_V1_API_FALSE=''
HAVE_V1_API_TRUE=''
HAVE_WCHAR_H=''
HAVE_WIDE_CHARACTER_TYPE=''
HAVE_WRITE_SUPPORT=''
HAVE_WRITE_TESTS_FALSE=''
HAVE_WRITE_TESTS_TRUE=''
HAVE_ZLIB=''
INSTALL_DATA='${INSTALL} -m 644'
INSTALL_PROGRAM='${INSTALL}'
INSTALL_SCRIPT='${INSTALL}'
INSTALL_STRIP_PROGRAM='$(install_sh) -c -s'
INTLLIBS=''
INTL_MACOSX_LIBS=''
LD=''
LDFLAGS=''
LEX=''
LEXLIB=''
LEX_OUTPUT_ROOT=''
LIBBFIO_CPPFLAGS=''
LIBBFIO_LIBADD=''
LIBCDATA_CPPFLAGS=''
LIBCDATA_LIBADD=''
LIBCDATETIME_CPPFLAGS=''
LIBCDATETIME_LIBADD=''
LIBCERROR_CPPFLAGS=''
LIBCERROR_LIBADD=''
LIBCFILE_CPPFLAGS=''
LIBCFILE_LIBADD=''
LIBCLOCALE_CPPFLAGS=''
LIBCLOCALE_LIBADD=''
LIBCNOTIFY_CPPFLAGS=''
LIBCNOTIFY_LIBADD=''
LIBCPATH_CPPFLAGS=''
LIBCPATH_LIBADD=''
LIBCRYPTO_CPPFLAGS=''
LIBCRYPTO_LIBADD=''
LIBCSPLIT_CPPFLAGS=''
LIBCSPLIT_LIBADD=''
LIBCTHREADS_CPPFLAGS=''
LIBCTHREADS_LIBADD=''
LIBDL_LIBADD=''
LIBEWF_DLL_EXPORT=''
LIBEWF_DLL_IMPORT=''
LIBFCACHE_CPPFLAGS=''
LIBFCACHE_LIBADD=''
LIBFDATA_CPPFLAGS=''
LIBFDATA_LIBADD=''
LIBFUSE_CPPFLAGS=''
LIBFUSE_LIBADD=''
LIBFVALUE_CPPFLAGS=''
LIBFVALUE_LIBADD=''
LIBHMAC_CPPFLAGS=''
LIBHMAC_LIBADD=''
LIBICONV=''
LIBINTL=''
LIBMFDATA_CPPFLAGS=''
LIBMFDATA_LIBADD=''
LIBOBJS=''
LIBODRAW_CPPFLAGS=''
LIBODRAW_LIBADD=''
LIBS=''
LIBSMDEV_CPPFLAGS=''
LIBSMDEV_LIBADD=''
LIBSMRAW_CPPFLAGS=''
LIBSMRAW_LIBADD=''
LIBTOOL=''
LIBTOOL_DEPS=''
LIBUNA_CPPFLAGS=''
LIBUNA_LIBADD=''
LIBUUID_CPPFLAGS=''
LIBUUID_LIBADD=''
LIPO=''
LN_S=''
LTLIBICONV=''
LTLIBINTL=''
LTLIBOBJS=''
LT_SYS_LIBRARY_PATH=''
MAKEINFO='${SHELL} /home/67566/libewf-20140813/missing makeinfo'
MANIFEST_TOOL=''
MKDIR_P='/usr/bin/mkdir -p'
MSGFMT=''
MSGFMT_015=''
MSGMERGE=''
NM=''
NMEDIT=''
OBJDUMP=''
OBJEXT=''
OTOOL64=''
OTOOL=''
PACKAGE='libewf'
PACKAGE_BUGREPORT='joachim.metz@gmail.com'
PACKAGE_NAME='libewf'
PACKAGE_STRING='libewf 20140813'
PACKAGE_TARNAME='libewf'
PACKAGE_URL=''
PACKAGE_VERSION='20140813'
PATH_SEPARATOR=':'
PKGCONFIG=''
PKG_CONFIG=''
PKG_CONFIG_LIBDIR=''
PKG_CONFIG_PATH=''
POSUB=''
PTHREAD_CPPFLAGS=''
PTHREAD_LIBADD=''
PYTHON2=''
PYTHON2_CONFIG=''
PYTHON2_CPPFLAGS=''
PYTHON2_EXEC_PREFIX=''
PYTHON2_LDFLAGS=''
PYTHON2_LIBRARY_DIR=''
PYTHON2_PACKAGE_DIR=''
PYTHON2_PLATFORM=''
PYTHON2_PREFIX=''
PYTHON2_VERSION=''
PYTHON3=''
PYTHON3_CONFIG=''
PYTHON3_CPPFLAGS=''
PYTHON3_EXEC_PREFIX=''
PYTHON3_LDFLAGS=''
PYTHON3_LIBRARY_DIR=''
PYTHON3_PACKAGE_DIR=''
PYTHON3_PLATFORM=''
PYTHON3_PREFIX=''
PYTHON3_VERSION=''
PYTHON=''
PYTHON_CONFIG=''
PYTHON_CPPFLAGS=''
PYTHON_EXEC_PREFIX=''
PYTHON_LDFLAGS=''
PYTHON_LIBRARY_DIR=''
PYTHON_PACKAGE_DIR=''
PYTHON_PLATFORM=''
PYTHON_PREFIX=''
RANLIB=''
SED=''
SET_MAKE=''
SHELL='/bin/sh'
SPEC_DATE=''
STATIC_LDFLAGS=''
STRIP=''
USE_NLS=''
VERSION='20140813'
XGETTEXT=''
XGETTEXT_015=''
XGETTEXT_EXTRA_OPTIONS=''
YACC=''
YFLAGS=''
ZLIB_CPPFLAGS=''
ZLIB_LIBADD=''
ac_ct_AR=''
ac_ct_CC=''
ac_ct_CXX=''
ac_ct_DUMPBIN=''
am__EXEEXT_FALSE=''
am__EXEEXT_TRUE=''
am__fastdepCC_FALSE=''
am__fastdepCC_TRUE=''
am__fastdepCXX_FALSE=''
am__fastdepCXX_TRUE=''
am__include=''
am__isrc=''
am__leading_dot='.'
am__nodep=''
am__quote=''
am__tar='tar --format=ustar -chf - "$$tardir"'
am__untar='tar -xf -'
ax_libbfio_pc_libs_private=''
ax_libbfio_spec_build_requires=''
ax_libbfio_spec_requires=''
ax_libcdata_pc_libs_private=''
ax_libcdata_spec_build_requires=''
ax_libcdata_spec_requires=''
ax_libcdatetime_pc_libs_private=''
ax_libcdatetime_spec_build_requires=''
ax_libcdatetime_spec_requires=''
ax_libcerror_pc_libs_private=''
ax_libcerror_spec_build_requires=''
ax_libcerror_spec_requires=''
ax_libcfile_pc_libs_private=''
ax_libcfile_spec_build_requires=''
ax_libcfile_spec_requires=''
ax_libclocale_pc_libs_private=''
ax_libclocale_spec_build_requires=''
ax_libclocale_spec_requires=''
ax_libcnotify_pc_libs_private=''
ax_libcnotify_spec_build_requires=''
ax_libcnotify_spec_requires=''
ax_libcpath_pc_libs_private=''
ax_libcpath_spec_build_requires=''
ax_libcpath_spec_requires=''
ax_libcrypto_pc_libs_private=''
ax_libcrypto_spec_build_requires=''
ax_libcrypto_spec_requires=''
ax_libcsplit_pc_libs_private=''
ax_libcsplit_spec_build_requires=''
ax_libcsplit_spec_requires=''
ax_libcthreads_pc_libs_private=''
ax_libcthreads_spec_build_requires=''
ax_libcthreads_spec_requires=''
ax_libfcache_pc_libs_private=''
ax_libfcache_spec_build_requires=''
ax_libfcache_spec_requires=''
ax_libfdata_pc_libs_private=''
ax_libfdata_spec_build_requires=''
ax_libfdata_spec_requires=''
ax_libfuse_pc_libs_private=''
ax_libfuse_spec_build_requires=''
ax_libfuse_spec_requires=''
ax_libfvalue_pc_libs_private=''
ax_libfvalue_spec_build_requires=''
ax_libfvalue_spec_requires=''
ax_libhmac_pc_libs_private=''
ax_libhmac_spec_build_requires=''
ax_libhmac_spec_requires=''
ax_libmfdata_pc_libs_private=''
ax_libmfdata_spec_build_requires=''
ax_libmfdata_spec_requires=''
ax_libodraw_pc_libs_private=''
ax_libodraw_spec_build_requires=''
ax_libodraw_spec_requires=''
ax_libsmdev_pc_libs_private=''
ax_libsmdev_spec_build_requires=''
ax_libsmdev_spec_requires=''
ax_libsmraw_pc_libs_private=''
ax_libsmraw_spec_build_requires=''
ax_libsmraw_spec_requires=''
ax_libuna_pc_libs_private=''
ax_libuna_spec_build_requires=''
ax_libuna_spec_requires=''
ax_libuuid_pc_libs_private=''
ax_libuuid_spec_build_requires=''
ax_libuuid_spec_requires=''
ax_pthread_pc_libs_private=''
ax_zlib_pc_libs_private=''
ax_zlib_spec_build_requires=''
ax_zlib_spec_requires=''
ax_zlib_static_spec_build_requires=''
ax_zlib_static_spec_requires=''
bindir='${exec_prefix}/bin'
build=''
build_alias=''
build_cpu=''
build_os=''
build_vendor=''
datadir='${datarootdir}'
datarootdir='${prefix}/share'
docdir='${datarootdir}/doc/${PACKAGE_TARNAME}'
dvidir='${docdir}'
exec_prefix='NONE'
fuse_CFLAGS=''
fuse_LIBS=''
host=''
host_alias=''
host_cpu=''
host_os=''
host_vendor=''
htmldir='${docdir}'
includedir='${prefix}/include'
infodir='${datarootdir}/info'
install_sh='${SHELL} /home/67566/libewf-20140813/install-sh'
libbfio_CFLAGS=''
libbfio_LIBS=''
libcdata_CFLAGS=''
libcdata_LIBS=''
libcdatetime_CFLAGS=''
libcdatetime_LIBS=''
libcerror_CFLAGS=''
libcerror_LIBS=''
libcfile_CFLAGS=''
libcfile_LIBS=''
libclocale_CFLAGS=''
libclocale_LIBS=''
libcnotify_CFLAGS=''
libcnotify_LIBS=''
libcpath_CFLAGS=''
libcpath_LIBS=''
libcsplit_CFLAGS=''
libcsplit_LIBS=''
libcthreads_CFLAGS=''
libcthreads_LIBS=''
libdir='${exec_prefix}/lib'
libewf_spec_requires=''
libewf_spec_tools_build_requires=''
libexecdir='${exec_prefix}/libexec'
libfcache_CFLAGS=''
libfcache_LIBS=''
libfdata_CFLAGS=''
libfdata_LIBS=''
libfvalue_CFLAGS=''
libfvalue_LIBS=''
libhmac_CFLAGS=''
libhmac_LIBS=''
libmfdata_CFLAGS=''
libmfdata_LIBS=''
libodraw_CFLAGS=''
libodraw_LIBS=''
libsmdev_CFLAGS=''
libsmdev_LIBS=''
libsmraw_CFLAGS=''
libsmraw_LIBS=''
libuna_CFLAGS=''
libuna_LIBS=''
localedir='${datarootdir}/locale'
localstatedir='${prefix}/var'
mandir='${datarootdir}/man'
mkdir_p='$(MKDIR_P)'
oldincludedir='/usr/include'
openssl_CFLAGS=''
openssl_LIBS=''
pdfdir='${docdir}'
prefix='NONE'
program_transform_name='s,x,x,'
psdir='${docdir}'
pyexecdir2=''
pyexecdir3=''
pyexecdir=''
pythondir2=''
pythondir3=''
pythondir=''
runstatedir='${localstatedir}/run'
sbindir='${exec_prefix}/sbin'
sharedstatedir='${prefix}/com'
sysconfdir='${prefix}/etc'
target_alias=''
uuid_CFLAGS=''
uuid_LIBS=''
zlib_CFLAGS=''
zlib_LIBS=''

## ----------- ##
## confdefs.h. ##
## ----------- ##

/* confdefs.h */
#define PACKAGE_NAME "libewf"
#define PACKAGE_TARNAME "libewf"
#define PACKAGE_VERSION "20140813"
#define PACKAGE_STRING "libewf 20140813"
#define PACKAGE_BUGREPORT "joachim.metz@gmail.com"
#define PACKAGE_URL ""
#define PACKAGE "libewf"
#define VERSION "20140813"

configure: caught signal 2
configure: exit 1
