This file contains any messages produced by compilers while
running configure, to aid debugging if configure makes a mistake.

It was created by ntfsprogs configure 2.0.0, which was
generated by GNU Autoconf 2.71.  Invocation command line was

  $ ./configure

## --------- ##
## Platform. ##
## --------- ##

hostname = HudunWorkPC
uname -m = i686
uname -r = 3.3.4(0.341/5/3)
uname -s = CYGWIN_NT-10.0-WOW
uname -v = 2022-01-31 19:31

/usr/bin/uname -p = unknown
/bin/uname -X     = unknown

/bin/arch              = i686
/usr/bin/arch -k       = unknown
/usr/convex/getsysinfo = unknown
/usr/bin/hostinfo      = unknown
/bin/machine           = unknown
/usr/bin/oslevel       = unknown
/bin/universe          = unknown

PATH: /usr/local/bin/
PATH: /usr/bin/
PATH: /cygdrive/c/Program Files (x86)/mingw-w64/i686-8.1.0-win32-dwarf-rt_v6-rev0/mingw32/bin/
PATH: /cygdrive/c/Windows/
PATH: /cygdrive/c/Windows/System32/Wbem/
PATH: /cygdrive/c/Windows/System32/WindowsPowerShell/v1.0/
PATH: /cygdrive/c/Windows/System32/OpenSSH/
PATH: /cygdrive/c/Program Files/Calibre2/
PATH: /cygdrive/c/Windows/System32/
PATH: /cygdrive/c/Users/67566/AppData/Local/Microsoft/WindowsApps/
PATH: /cygdrive/c/Users/67566/AppData/Local/Programs/Microsoft VS Code/bin/
PATH: /cygdrive/c/Windows/WinSxS/amd64_microsoft-windows-lxss-wsl_31bf3856ad364e35_10.0.22000.1_none_d9322203d3a93255/wsl.exe/
PATH: /cygdrive/c/Windows/System32/


## ----------- ##
## Core tests. ##
## ----------- ##

configure:2665: looking for aux files: ltmain.sh compile missing install-sh config.guess config.sub
configure:2678:  trying ./
configure:2707:   ./ltmain.sh found
configure:2707:   ./compile found
configure:2707:   ./missing found
configure:2689:   ./install-sh found
configure:2707:   ./config.guess found
configure:2707:   ./config.sub found
configure:2861: checking build system type
configure:2876: result: i686-pc-cygwin
configure:2896: checking host system type
configure:2910: result: i686-pc-cygwin
configure:2930: checking target system type
configure:2944: result: i686-pc-cygwin
configure:2990: checking for a BSD-compatible install
configure:3063: result: /usr/bin/install -c
configure:3074: checking whether build environment is sane
configure:3129: result: yes
configure:3288: checking for a race-free mkdir -p
configure:3332: result: /usr/bin/mkdir -p
configure:3339: checking for gawk
configure:3360: found /usr/bin/gawk
configure:3371: result: gawk
configure:3382: checking whether make sets $(MAKE)
configure:3405: result: yes
configure:3435: checking whether make supports nested variables
configure:3453: result: yes
configure:3590: checking whether to enable maintainer-specific portions of Makefiles
configure:3600: result: no
configure:3821: checking whether make supports the include directive
configure:3836: make -f confmf.GNU && cat confinc.out
this is the am__doit target
configure:3839: $? = 0
configure:3858: result: yes (GNU style)
configure:3934: checking for gcc
configure:3955: found /usr/bin/gcc
configure:3966: result: gcc
configure:4319: checking for C compiler version
configure:4328: gcc --version >&5
gcc (GCC) 11.2.0
Copyright (C) 2021 Free Software Foundation, Inc.
This is free software; see the source for copying conditions.  There is NO
warranty; not even for MERCHANTABILITY or FITNESS FOR A PARTICULAR PURPOSE.

configure:4339: $? = 0
configure:4328: gcc -v >&5
Using built-in specs.
COLLECT_GCC=gcc
COLLECT_LTO_WRAPPER=/usr/lib/gcc/i686-pc-cygwin/11/lto-wrapper.exe
Target: i686-pc-cygwin
Configured with: /mnt/share/cygpkgs/gcc/gcc.x86/src/gcc-11.2.0/configure --srcdir=/mnt/share/cygpkgs/gcc/gcc.x86/src/gcc-11.2.0 --prefix=/usr --exec-prefix=/usr --localstatedir=/var --sysconfdir=/etc --docdir=/usr/share/doc/gcc --htmldir=/usr/share/doc/gcc/html -C --build=i686-pc-cygwin --host=i686-pc-cygwin --target=i686-pc-cygwin --without-libiconv-prefix --without-libintl-prefix --libexecdir=/usr/lib --with-gcc-major-version-only --enable-shared --enable-shared-libgcc --enable-static --enable-version-specific-runtime-libs --enable-bootstrap --enable-__cxa_atexit --with-dwarf2 --with-arch=i686 --with-tune=generic --disable-sjlj-exceptions --disable-bootstrap --enable-languages=c,c++,fortran,lto,objc,obj-c++,jit --enable-graphite --enable-threads=posix --enable-libatomic --enable-libgomp --enable-libquadmath --enable-libquadmath-support --disable-libssp --enable-libada --disable-symvers --with-gnu-ld --with-gnu-as --with-cloog-include=/usr/include/cloog-isl --without-libiconv-prefix --without-libintl-prefix --with-system-zlib --enable-linker-build-id --with-default-libstdcxx-abi=gcc4-compatible --enable-libstdcxx-filesystem-ts
Thread model: posix
Supported LTO compression algorithms: zlib zstd
gcc version 11.2.0 (GCC) 
configure:4339: $? = 0
configure:4328: gcc -V >&5
gcc: error: unrecognized command-line option '-V'
gcc: fatal error: no input files
compilation terminated.
configure:4339: $? = 1
configure:4328: gcc -qversion >&5
gcc: error: unrecognized command-line option '-qversion'; did you mean '--version'?
gcc: fatal error: no input files
compilation terminated.
configure:4339: $? = 1
configure:4328: gcc -version >&5
gcc: error: unrecognized command-line option '-version'
gcc: fatal error: no input files
compilation terminated.
configure:4339: $? = 1
configure:4359: checking whether the C compiler works
configure:4381: gcc    conftest.c  >&5
configure:4385: $? = 0
configure:4435: result: yes
configure:4438: checking for C compiler default output file name
configure:4440: result: a.exe
configure:4446: checking for suffix of executables
configure:4453: gcc -o conftest.exe    conftest.c  >&5
configure:4457: $? = 0
configure:4480: result: .exe
configure:4502: checking whether we are cross compiling
configure:4510: gcc -o conftest.exe    conftest.c  >&5
configure:4514: $? = 0
configure:4521: ./conftest.exe
configure:4525: $? = 0
configure:4540: result: no
configure:4545: checking for suffix of object files
configure:4568: gcc -c   conftest.c >&5
configure:4572: $? = 0
configure:4594: result: o
configure:4598: checking whether the compiler supports GNU C
configure:4618: gcc -c   conftest.c >&5
configure:4618: $? = 0
configure:4628: result: yes
configure:4639: checking whether gcc accepts -g
configure:4660: gcc -c -g  conftest.c >&5
configure:4660: $? = 0
configure:4704: result: yes
configure:4724: checking for gcc option to enable C11 features
configure:4739: gcc  -c -g -O2  conftest.c >&5
configure:4739: $? = 0
configure:4757: result: none needed
configure:4873: checking whether gcc understands -c and -o together
configure:4896: gcc -c conftest.c -o conftest2.o
configure:4899: $? = 0
configure:4896: gcc -c conftest.c -o conftest2.o
configure:4899: $? = 0
configure:4911: result: yes
configure:4930: checking dependency style of gcc
configure:5042: result: gcc3
configure:5062: checking for stdio.h
configure:5062: gcc -c -g -O2  conftest.c >&5
configure:5062: $? = 0
configure:5062: result: yes
configure:5062: checking for stdlib.h
configure:5062: gcc -c -g -O2  conftest.c >&5
configure:5062: $? = 0
configure:5062: result: yes
configure:5062: checking for string.h
configure:5062: gcc -c -g -O2  conftest.c >&5
configure:5062: $? = 0
configure:5062: result: yes
configure:5062: checking for inttypes.h
configure:5062: gcc -c -g -O2  conftest.c >&5
configure:5062: $? = 0
configure:5062: result: yes
configure:5062: checking for stdint.h
configure:5062: gcc -c -g -O2  conftest.c >&5
configure:5062: $? = 0
configure:5062: result: yes
configure:5062: checking for strings.h
configure:5062: gcc -c -g -O2  conftest.c >&5
configure:5062: $? = 0
configure:5062: result: yes
configure:5062: checking for sys/stat.h
configure:5062: gcc -c -g -O2  conftest.c >&5
configure:5062: $? = 0
configure:5062: result: yes
configure:5062: checking for sys/types.h
configure:5062: gcc -c -g -O2  conftest.c >&5
configure:5062: $? = 0
configure:5062: result: yes
configure:5062: checking for unistd.h
configure:5062: gcc -c -g -O2  conftest.c >&5
configure:5062: $? = 0
configure:5062: result: yes
configure:5062: checking for wchar.h
configure:5062: gcc -c -g -O2  conftest.c >&5
configure:5062: $? = 0
configure:5062: result: yes
configure:5062: checking for minix/config.h
configure:5062: gcc -c -g -O2  conftest.c >&5
conftest.c:49:10: fatal error: minix/config.h: No such file or directory
   49 | #include <minix/config.h>
      |          ^~~~~~~~~~~~~~~~
compilation terminated.
configure:5062: $? = 1
configure: failed program was:
| /* confdefs.h */
| #define PACKAGE_NAME "ntfsprogs"
| #define PACKAGE_TARNAME "ntfsprogs"
| #define PACKAGE_VERSION "2.0.0"
| #define PACKAGE_STRING "ntfsprogs 2.0.0"
| #define PACKAGE_BUGREPORT "linux-ntfs-dev@lists.sourceforge.net"
| #define PACKAGE_URL ""
| #define PACKAGE "ntfsprogs"
| #define VERSION "2.0.0"
| #define HAVE_STDIO_H 1
| #define HAVE_STDLIB_H 1
| #define HAVE_STRING_H 1
| #define HAVE_INTTYPES_H 1
| #define HAVE_STDINT_H 1
| #define HAVE_STRINGS_H 1
| #define HAVE_SYS_STAT_H 1
| #define HAVE_SYS_TYPES_H 1
| #define HAVE_UNISTD_H 1
| #define HAVE_WCHAR_H 1
| /* end confdefs.h.  */
| #include <stddef.h>
| #ifdef HAVE_STDIO_H
| # include <stdio.h>
| #endif
| #ifdef HAVE_STDLIB_H
| # include <stdlib.h>
| #endif
| #ifdef HAVE_STRING_H
| # include <string.h>
| #endif
| #ifdef HAVE_INTTYPES_H
| # include <inttypes.h>
| #endif
| #ifdef HAVE_STDINT_H
| # include <stdint.h>
| #endif
| #ifdef HAVE_STRINGS_H
| # include <strings.h>
| #endif
| #ifdef HAVE_SYS_TYPES_H
| # include <sys/types.h>
| #endif
| #ifdef HAVE_SYS_STAT_H
| # include <sys/stat.h>
| #endif
| #ifdef HAVE_UNISTD_H
| # include <unistd.h>
| #endif
| #include <minix/config.h>
configure:5062: result: no
configure:5062: checking for utime.h
configure:5062: gcc -c -g -O2  conftest.c >&5
configure:5062: $? = 0
configure:5062: result: yes
configure:5093: checking whether it is safe to define __EXTENSIONS__
configure:5112: gcc -c -g -O2  conftest.c >&5
configure:5112: $? = 0
configure:5120: result: yes
configure:5123: checking whether _XOPEN_SOURCE should be defined
configure:5145: gcc -c -g -O2  conftest.c >&5
configure:5145: $? = 0
configure:5172: result: no
configure:5293: checking for gcc
configure:5325: result: gcc
configure:5678: checking for C compiler version
configure:5687: gcc --version >&5
gcc (GCC) 11.2.0
Copyright (C) 2021 Free Software Foundation, Inc.
This is free software; see the source for copying conditions.  There is NO
warranty; not even for MERCHANTABILITY or FITNESS FOR A PARTICULAR PURPOSE.

configure:5698: $? = 0
configure:5687: gcc -v >&5
Using built-in specs.
COLLECT_GCC=gcc
COLLECT_LTO_WRAPPER=/usr/lib/gcc/i686-pc-cygwin/11/lto-wrapper.exe
Target: i686-pc-cygwin
Configured with: /mnt/share/cygpkgs/gcc/gcc.x86/src/gcc-11.2.0/configure --srcdir=/mnt/share/cygpkgs/gcc/gcc.x86/src/gcc-11.2.0 --prefix=/usr --exec-prefix=/usr --localstatedir=/var --sysconfdir=/etc --docdir=/usr/share/doc/gcc --htmldir=/usr/share/doc/gcc/html -C --build=i686-pc-cygwin --host=i686-pc-cygwin --target=i686-pc-cygwin --without-libiconv-prefix --without-libintl-prefix --libexecdir=/usr/lib --with-gcc-major-version-only --enable-shared --enable-shared-libgcc --enable-static --enable-version-specific-runtime-libs --enable-bootstrap --enable-__cxa_atexit --with-dwarf2 --with-arch=i686 --with-tune=generic --disable-sjlj-exceptions --disable-bootstrap --enable-languages=c,c++,fortran,lto,objc,obj-c++,jit --enable-graphite --enable-threads=posix --enable-libatomic --enable-libgomp --enable-libquadmath --enable-libquadmath-support --disable-libssp --enable-libada --disable-symvers --with-gnu-ld --with-gnu-as --with-cloog-include=/usr/include/cloog-isl --without-libiconv-prefix --without-libintl-prefix --with-system-zlib --enable-linker-build-id --with-default-libstdcxx-abi=gcc4-compatible --enable-libstdcxx-filesystem-ts
Thread model: posix
Supported LTO compression algorithms: zlib zstd
gcc version 11.2.0 (GCC) 
configure:5698: $? = 0
configure:5687: gcc -V >&5
gcc: error: unrecognized command-line option '-V'
gcc: fatal error: no input files
compilation terminated.
configure:5698: $? = 1
configure:5687: gcc -qversion >&5
gcc: error: unrecognized command-line option '-qversion'; did you mean '--version'?
gcc: fatal error: no input files
compilation terminated.
configure:5698: $? = 1
configure:5687: gcc -version >&5
gcc: error: unrecognized command-line option '-version'
gcc: fatal error: no input files
compilation terminated.
configure:5698: $? = 1
configure:5702: checking whether the compiler supports GNU C
configure:5732: result: yes
configure:5743: checking whether gcc accepts -g
configure:5808: result: yes
configure:5828: checking for gcc option to enable C11 features
configure:5861: result: none needed
configure:5977: checking whether gcc understands -c and -o together
configure:6015: result: yes
configure:6034: checking dependency style of gcc
configure:6146: result: gcc3
configure:6166: checking how to run the C preprocessor
configure:6192: gcc -E  conftest.c
configure:6192: $? = 0
configure:6207: gcc -E  conftest.c
conftest.c:39:10: fatal error: ac_nonexistent.h: No such file or directory
   39 | #include <ac_nonexistent.h>
      |          ^~~~~~~~~~~~~~~~~~
compilation terminated.
configure:6207: $? = 1
configure: failed program was:
| /* confdefs.h */
| #define PACKAGE_NAME "ntfsprogs"
| #define PACKAGE_TARNAME "ntfsprogs"
| #define PACKAGE_VERSION "2.0.0"
| #define PACKAGE_STRING "ntfsprogs 2.0.0"
| #define PACKAGE_BUGREPORT "linux-ntfs-dev@lists.sourceforge.net"
| #define PACKAGE_URL ""
| #define PACKAGE "ntfsprogs"
| #define VERSION "2.0.0"
| #define HAVE_STDIO_H 1
| #define HAVE_STDLIB_H 1
| #define HAVE_STRING_H 1
| #define HAVE_INTTYPES_H 1
| #define HAVE_STDINT_H 1
| #define HAVE_STRINGS_H 1
| #define HAVE_SYS_STAT_H 1
| #define HAVE_SYS_TYPES_H 1
| #define HAVE_UNISTD_H 1
| #define HAVE_WCHAR_H 1
| #define HAVE_UTIME_H 1
| #define STDC_HEADERS 1
| #define _ALL_SOURCE 1
| #define _DARWIN_C_SOURCE 1
| #define _GNU_SOURCE 1
| #define _HPUX_ALT_XOPEN_SOCKET_API 1
| #define _NETBSD_SOURCE 1
| #define _OPENBSD_SOURCE 1
| #define _POSIX_PTHREAD_SEMANTICS 1
| #define __STDC_WANT_IEC_60559_ATTRIBS_EXT__ 1
| #define __STDC_WANT_IEC_60559_BFP_EXT__ 1
| #define __STDC_WANT_IEC_60559_DFP_EXT__ 1
| #define __STDC_WANT_IEC_60559_FUNCS_EXT__ 1
| #define __STDC_WANT_IEC_60559_TYPES_EXT__ 1
| #define __STDC_WANT_LIB_EXT2__ 1
| #define __STDC_WANT_MATH_SPEC_FUNCS__ 1
| #define _TANDEM_SOURCE 1
| #define __EXTENSIONS__ 1
| /* end confdefs.h.  */
| #include <ac_nonexistent.h>
configure:6234: result: gcc -E
configure:6248: gcc -E  conftest.c
configure:6248: $? = 0
configure:6263: gcc -E  conftest.c
conftest.c:39:10: fatal error: ac_nonexistent.h: No such file or directory
   39 | #include <ac_nonexistent.h>
      |          ^~~~~~~~~~~~~~~~~~
compilation terminated.
configure:6263: $? = 1
configure: failed program was:
| /* confdefs.h */
| #define PACKAGE_NAME "ntfsprogs"
| #define PACKAGE_TARNAME "ntfsprogs"
| #define PACKAGE_VERSION "2.0.0"
| #define PACKAGE_STRING "ntfsprogs 2.0.0"
| #define PACKAGE_BUGREPORT "linux-ntfs-dev@lists.sourceforge.net"
| #define PACKAGE_URL ""
| #define PACKAGE "ntfsprogs"
| #define VERSION "2.0.0"
| #define HAVE_STDIO_H 1
| #define HAVE_STDLIB_H 1
| #define HAVE_STRING_H 1
| #define HAVE_INTTYPES_H 1
| #define HAVE_STDINT_H 1
| #define HAVE_STRINGS_H 1
| #define HAVE_SYS_STAT_H 1
| #define HAVE_SYS_TYPES_H 1
| #define HAVE_UNISTD_H 1
| #define HAVE_WCHAR_H 1
| #define HAVE_UTIME_H 1
| #define STDC_HEADERS 1
| #define _ALL_SOURCE 1
| #define _DARWIN_C_SOURCE 1
| #define _GNU_SOURCE 1
| #define _HPUX_ALT_XOPEN_SOCKET_API 1
| #define _NETBSD_SOURCE 1
| #define _OPENBSD_SOURCE 1
| #define _POSIX_PTHREAD_SEMANTICS 1
| #define __STDC_WANT_IEC_60559_ATTRIBS_EXT__ 1
| #define __STDC_WANT_IEC_60559_BFP_EXT__ 1
| #define __STDC_WANT_IEC_60559_DFP_EXT__ 1
| #define __STDC_WANT_IEC_60559_FUNCS_EXT__ 1
| #define __STDC_WANT_IEC_60559_TYPES_EXT__ 1
| #define __STDC_WANT_LIB_EXT2__ 1
| #define __STDC_WANT_MATH_SPEC_FUNCS__ 1
| #define _TANDEM_SOURCE 1
| #define __EXTENSIONS__ 1
| /* end confdefs.h.  */
| #include <ac_nonexistent.h>
configure:6294: checking for grep that handles long lines and -e
configure:6358: result: /usr/bin/grep
configure:6363: checking for egrep
configure:6431: result: /usr/bin/grep -E
configure:6437: checking whether gcc needs -traditional
conftest.c:39:10: fatal error: sgtty.h: No such file or directory
   39 | #include <sgtty.h>
      |          ^~~~~~~~~
compilation terminated.
configure:6474: result: no
configure:6485: checking for rm
configure:6508: found /usr/bin/rm
configure:6521: result: /usr/bin/rm
configure:6529: checking whether ln -s works
configure:6533: result: yes
configure:6540: checking whether make sets $(MAKE)
configure:6563: result: yes
configure:6619: checking how to print strings
configure:6646: result: printf
configure:6667: checking for a sed that does not truncate output
configure:6737: result: /usr/bin/sed
configure:6755: checking for fgrep
configure:6823: result: /usr/bin/grep -F
configure:6859: checking for ld used by gcc
configure:6927: result: /usr/i686-pc-cygwin/bin/ld.exe
configure:6934: checking if the linker (/usr/i686-pc-cygwin/bin/ld.exe) is GNU ld
configure:6950: result: yes
configure:6962: checking for BSD- or MS-compatible name lister (nm)
configure:7017: result: /usr/bin/nm -B
configure:7157: checking the name lister (/usr/bin/nm -B) interface
configure:7165: gcc -c -g -O2  conftest.c >&5
configure:7168: /usr/bin/nm -B "conftest.o"
configure:7171: output
00000000 b .bss
00000000 d .data
00000000 N .debug_abbrev
00000000 N .debug_aranges
00000000 N .debug_info
00000000 N .debug_line
00000000 N .debug_line_str
00000000 r .rdata$zzz
00000000 t .text
00000000 B _some_variable
configure:7178: result: BSD nm
configure:7182: checking the maximum length of command line arguments
configure:7314: result: 8192
configure:7362: checking how to convert i686-pc-cygwin file names to  format
configure:7403: result: func_convert_file_noop
configure:7410: checking how to convert i686-pc-cygwin file names to toolchain format
configure:7431: result: func_convert_file_noop
configure:7438: checking for /usr/i686-pc-cygwin/bin/ld.exe option to reload object files
configure:7446: result: -r
configure:7525: checking for objdump
configure:7546: found /usr/bin/objdump
configure:7557: result: objdump
configure:7589: checking how to recognize dependent libraries
configure:7790: result: file_magic ^x86 archive import|^x86 DLL
configure:7880: checking for dlltool
configure:7901: found /usr/bin/dlltool
configure:7912: result: dlltool
configure:7945: checking how to associate runtime and link libraries
configure:7973: result: func_cygming_dll_for_implib
configure:8038: checking for ar
configure:8059: found /usr/bin/ar
configure:8070: result: ar
configure:8107: checking for archiver @FILE support
configure:8125: gcc -c -g -O2  conftest.c >&5
configure:8125: $? = 0
configure:8129: ar cru libconftest.a @conftest.lst >&5
configure:8132: $? = 0
configure:8137: ar cru libconftest.a @conftest.lst >&5
ar: conftest.o: No such file or directory
configure:8140: $? = 1
configure:8152: result: @
configure:8215: checking for strip
configure:8236: found /usr/bin/strip
configure:8247: result: strip
configure:8324: checking for ranlib
configure:8345: found /usr/bin/ranlib
configure:8356: result: ranlib
configure:8458: checking command to parse /usr/bin/nm -B output from gcc object
configure:8612: gcc -c -g -O2  conftest.c >&5
configure:8615: $? = 0
configure:8619: /usr/bin/nm -B conftest.o \| sed -n -e 's/^.*[ ]\([ABCDGIRSTW][ABCDGIRSTW]*\)[ ][ ]*\([_A-Za-z][_A-Za-z0-9]*\)$/\1 \2 \2/p' | sed '/ __gnu_lto/d' \> conftest.nm
configure:8622: $? = 0
cannot find nm_test_var in conftest.nm
configure:8612: gcc -c -g -O2  conftest.c >&5
configure:8615: $? = 0
configure:8619: /usr/bin/nm -B conftest.o \| sed -n -e 's/^.*[ ]\([ABCDGIRSTW][ABCDGIRSTW]*\)[ ][ ]*_\([_A-Za-z][_A-Za-z0-9]*\)$/\1 _\2 \2/p' | sed '/ __gnu_lto/d' \> conftest.nm
configure:8622: $? = 0
configure:8688: gcc -o conftest.exe -g -O2   conftest.c conftstm.o >&5
configure:8691: $? = 0
configure:8729: result: ok
configure:8776: checking for sysroot
configure:8807: result: no
configure:8814: checking for a working dd
configure:8858: result: /usr/bin/dd
configure:8862: checking how to truncate binary pipes
configure:8878: result: /usr/bin/dd bs=4096 count=1
configure:9215: checking for mt
configure:9250: result: no
configure:9270: checking if : is a manifest tool
configure:9277: : '-?'
configure:9285: result: no
configure:10011: checking for dlfcn.h
configure:10011: gcc -c -g -O2  conftest.c >&5
configure:10011: $? = 0
configure:10011: result: yes
configure:10208: checking for objdir
configure:10224: result: .libs
configure:10484: checking if gcc supports -fno-rtti -fno-exceptions
configure:10503: gcc -c -g -O2  -fno-rtti -fno-exceptions conftest.c >&5
cc1: warning: command-line option '-fno-rtti' is valid for C++/D/ObjC++ but not for C
configure:10507: $? = 0
configure:10520: result: no
configure:10878: checking for gcc option to produce PIC
configure:10886: result: -DDLL_EXPORT -DPIC
configure:10894: checking if gcc PIC flag -DDLL_EXPORT -DPIC works
configure:10913: gcc -c -g -O2  -DDLL_EXPORT -DPIC -DPIC conftest.c >&5
configure:10917: $? = 0
configure:10930: result: yes
configure:10959: checking if gcc static flag -static works
configure:10988: result: yes
configure:11003: checking if gcc supports -c -o file.o
configure:11025: gcc -c -g -O2  -o out/conftest2.o conftest.c >&5
configure:11029: $? = 0
configure:11051: result: yes
configure:11059: checking if gcc supports -c -o file.o
configure:11107: result: yes
configure:11140: checking whether the gcc linker (/usr/i686-pc-cygwin/bin/ld.exe) supports shared libraries
configure:12406: result: yes
configure:12443: checking whether -lc should be explicitly linked in
configure:12452: gcc -c -g -O2  conftest.c >&5
configure:12455: $? = 0
configure:12470: gcc -shared conftest.o  -v -o ./conftest -Wl,--enable-auto-image-base -Xlinker --out-implib -Xlinker conftest 2\>\&1 \| /usr/bin/grep  -lc  \>/dev/null 2\>\&1
configure:12473: $? = 1
configure:12487: result: yes
configure:12647: checking dynamic linker characteristics
configure:13468: result: Win32 ld.exe
configure:13590: checking how to hardcode library paths into programs
configure:13615: result: immediate
configure:14167: checking whether stripping libraries is possible
configure:14172: result: yes
configure:14207: checking if libtool supports shared libraries
configure:14209: result: yes
configure:14212: checking whether to build shared libraries
configure:14237: result: yes
configure:14240: checking whether to build static libraries
configure:14244: result: yes
configure:14340: checking for pkg-config
configure:14363: found /usr/bin/pkg-config
configure:14375: result: /usr/bin/pkg-config
configure:14400: checking pkg-config is at least version 0.9.0
configure:14403: result: yes
configure:14425: checking for special C compiler options needed for large files
configure:14473: result: no
configure:14479: checking for _FILE_OFFSET_BITS value needed for large files
configure:14505: gcc -c -g -O2  conftest.c >&5
configure:14505: $? = 0
configure:14539: result: no
configure:14627: checking for LIBNTFS_GNOMEVFS
configure:14634: $PKG_CONFIG --exists --print-errors "glib-2.0 gthread-2.0 gnome-vfs-module-2.0"
Package glib-2.0 was not found in the pkg-config search path.
Perhaps you should add the directory containing `glib-2.0.pc'
to the PKG_CONFIG_PATH environment variable
Package 'glib-2.0', required by 'virtual:world', not found
Package 'gthread-2.0', required by 'virtual:world', not found
Package 'gnome-vfs-module-2.0', required by 'virtual:world', not found
configure:14637: $? = 1
configure:14651: $PKG_CONFIG --exists --print-errors "glib-2.0 gthread-2.0 gnome-vfs-module-2.0"
Package glib-2.0 was not found in the pkg-config search path.
Perhaps you should add the directory containing `glib-2.0.pc'
to the PKG_CONFIG_PATH environment variable
Package 'glib-2.0', required by 'virtual:world', not found
Package 'gthread-2.0', required by 'virtual:world', not found
Package 'gnome-vfs-module-2.0', required by 'virtual:world', not found
configure:14654: $? = 1
configure:14668: result: no
Package 'glib-2.0', required by 'virtual:world', not found
Package 'gthread-2.0', required by 'virtual:world', not found
Package 'gnome-vfs-module-2.0', required by 'virtual:world', not found
configure:14687: WARNING: Linux-NTFS Gnome VFS module requires glib-2.0 and gnome-vfs-module-2.0 libraries.
configure:14723: checking for FUSE
configure:14730: $PKG_CONFIG --exists --print-errors "fuse >= 2.6.1"
Package fuse was not found in the pkg-config search path.
Perhaps you should add the directory containing `fuse.pc'
to the PKG_CONFIG_PATH environment variable
Package 'fuse', required by 'virtual:world', not found
configure:14733: $? = 1
configure:14747: $PKG_CONFIG --exists --print-errors "fuse >= 2.6.1"
Package fuse was not found in the pkg-config search path.
Perhaps you should add the directory containing `fuse.pc'
to the PKG_CONFIG_PATH environment variable
Package 'fuse', required by 'virtual:world', not found
configure:14750: $? = 1
configure:14764: result: no
Package 'fuse', required by 'virtual:world', not found
configure:14783: WARNING: ntfsmount requires FUSE version >= 2.6.1.
configure:14850: checking for libgcrypt-config
configure:14873: found /usr/bin/libgcrypt-config
configure:14886: result: /usr/bin/libgcrypt-config
configure:14903: checking for LIBGCRYPT - version >= 1.2.2
configure:14937: result: yes (1.8.2)
configure:14969: WARNING:
***
*** The config script /usr/bin/libgcrypt-config was
*** built for i686-pc-cygwin and thus may not match the
*** used host .
*** You may want to use the configure option --with-libgcrypt-prefix
*** to specify a matching config script or use $SYSROOT.
***
configure:15006: checking for GNUTLS
configure:15013: $PKG_CONFIG --exists --print-errors "gnutls >= 1.4.4"
Package gnutls was not found in the pkg-config search path.
Perhaps you should add the directory containing `gnutls.pc'
to the PKG_CONFIG_PATH environment variable
Package 'gnutls', required by 'virtual:world', not found
configure:15016: $? = 1
configure:15030: $PKG_CONFIG --exists --print-errors "gnutls >= 1.4.4"
Package gnutls was not found in the pkg-config search path.
Perhaps you should add the directory containing `gnutls.pc'
to the PKG_CONFIG_PATH environment variable
Package 'gnutls', required by 'virtual:world', not found
configure:15033: $? = 1
configure:15047: result: no
Package 'gnutls', required by 'virtual:world', not found
configure:15066: WARNING: Linux-NTFS crypto code requires the gnutls library.
configure:15090: checking for libconfig
configure:15097: $PKG_CONFIG --exists --print-errors "libconfig >= 1.0.1"
Package libconfig was not found in the pkg-config search path.
Perhaps you should add the directory containing `libconfig.pc'
to the PKG_CONFIG_PATH environment variable
Package 'libconfig', required by 'virtual:world', not found
configure:15100: $? = 1
configure:15114: $PKG_CONFIG --exists --print-errors "libconfig >= 1.0.1"
Package libconfig was not found in the pkg-config search path.
Perhaps you should add the directory containing `libconfig.pc'
to the PKG_CONFIG_PATH environment variable
Package 'libconfig', required by 'virtual:world', not found
configure:15117: $? = 1
configure:15131: result: no
Package 'libconfig', required by 'virtual:world', not found
configure:15150: WARNING: Linux-NTFS crypto code requires the libconfig.
configure:15224: checking for uuid/uuid.h
configure:15224: gcc -c -g -O2  conftest.c >&5
conftest.c:69:10: fatal error: uuid/uuid.h: No such file or directory
   69 | #include <uuid/uuid.h>
      |          ^~~~~~~~~~~~~
compilation terminated.
configure:15224: $? = 1
configure: failed program was:
| /* confdefs.h */
| #define PACKAGE_NAME "ntfsprogs"
| #define PACKAGE_TARNAME "ntfsprogs"
| #define PACKAGE_VERSION "2.0.0"
| #define PACKAGE_STRING "ntfsprogs 2.0.0"
| #define PACKAGE_BUGREPORT "linux-ntfs-dev@lists.sourceforge.net"
| #define PACKAGE_URL ""
| #define PACKAGE "ntfsprogs"
| #define VERSION "2.0.0"
| #define HAVE_STDIO_H 1
| #define HAVE_STDLIB_H 1
| #define HAVE_STRING_H 1
| #define HAVE_INTTYPES_H 1
| #define HAVE_STDINT_H 1
| #define HAVE_STRINGS_H 1
| #define HAVE_SYS_STAT_H 1
| #define HAVE_SYS_TYPES_H 1
| #define HAVE_UNISTD_H 1
| #define HAVE_WCHAR_H 1
| #define HAVE_UTIME_H 1
| #define STDC_HEADERS 1
| #define _ALL_SOURCE 1
| #define _DARWIN_C_SOURCE 1
| #define _GNU_SOURCE 1
| #define _HPUX_ALT_XOPEN_SOCKET_API 1
| #define _NETBSD_SOURCE 1
| #define _OPENBSD_SOURCE 1
| #define _POSIX_PTHREAD_SEMANTICS 1
| #define __STDC_WANT_IEC_60559_ATTRIBS_EXT__ 1
| #define __STDC_WANT_IEC_60559_BFP_EXT__ 1
| #define __STDC_WANT_IEC_60559_DFP_EXT__ 1
| #define __STDC_WANT_IEC_60559_FUNCS_EXT__ 1
| #define __STDC_WANT_IEC_60559_TYPES_EXT__ 1
| #define __STDC_WANT_LIB_EXT2__ 1
| #define __STDC_WANT_MATH_SPEC_FUNCS__ 1
| #define _TANDEM_SOURCE 1
| #define __EXTENSIONS__ 1
| #define HAVE_DLFCN_H 1
| #define LT_OBJDIR ".libs/"
| /* end confdefs.h.  */
| #include <stddef.h>
| #ifdef HAVE_STDIO_H
| # include <stdio.h>
| #endif
| #ifdef HAVE_STDLIB_H
| # include <stdlib.h>
| #endif
| #ifdef HAVE_STRING_H
| # include <string.h>
| #endif
| #ifdef HAVE_INTTYPES_H
| # include <inttypes.h>
| #endif
| #ifdef HAVE_STDINT_H
| # include <stdint.h>
| #endif
| #ifdef HAVE_STRINGS_H
| # include <strings.h>
| #endif
| #ifdef HAVE_SYS_TYPES_H
| # include <sys/types.h>
| #endif
| #ifdef HAVE_SYS_STAT_H
| # include <sys/stat.h>
| #endif
| #ifdef HAVE_UNISTD_H
| # include <unistd.h>
| #endif
| #include <uuid/uuid.h>
configure:15224: result: no
configure:15274: WARNING: Linux-NTFS DCE compliant UUID generation code requires the uuid library.
configure:15288: checking version of gcc
configure:15307: result: 11, ok
configure:15351: checking for egrep
configure:15419: result: /usr/bin/grep -E
configure:15425: checking for ctype.h
configure:15425: gcc -c -g -O2 -Wall  conftest.c >&5
configure:15425: $? = 0
configure:15425: result: yes
configure:15431: checking for fcntl.h
configure:15431: gcc -c -g -O2 -Wall  conftest.c >&5
configure:15431: $? = 0
configure:15431: result: yes
configure:15437: checking for libgen.h
configure:15437: gcc -c -g -O2 -Wall  conftest.c >&5
configure:15437: $? = 0
configure:15437: result: yes
configure:15443: checking for libintl.h
configure:15443: gcc -c -g -O2 -Wall  conftest.c >&5
conftest.c:72:10: fatal error: libintl.h: No such file or directory
   72 | #include <libintl.h>
      |          ^~~~~~~~~~~
compilation terminated.
configure:15443: $? = 1
configure: failed program was:
| /* confdefs.h */
| #define PACKAGE_NAME "ntfsprogs"
| #define PACKAGE_TARNAME "ntfsprogs"
| #define PACKAGE_VERSION "2.0.0"
| #define PACKAGE_STRING "ntfsprogs 2.0.0"
| #define PACKAGE_BUGREPORT "linux-ntfs-dev@lists.sourceforge.net"
| #define PACKAGE_URL ""
| #define PACKAGE "ntfsprogs"
| #define VERSION "2.0.0"
| #define HAVE_STDIO_H 1
| #define HAVE_STDLIB_H 1
| #define HAVE_STRING_H 1
| #define HAVE_INTTYPES_H 1
| #define HAVE_STDINT_H 1
| #define HAVE_STRINGS_H 1
| #define HAVE_SYS_STAT_H 1
| #define HAVE_SYS_TYPES_H 1
| #define HAVE_UNISTD_H 1
| #define HAVE_WCHAR_H 1
| #define HAVE_UTIME_H 1
| #define STDC_HEADERS 1
| #define _ALL_SOURCE 1
| #define _DARWIN_C_SOURCE 1
| #define _GNU_SOURCE 1
| #define _HPUX_ALT_XOPEN_SOCKET_API 1
| #define _NETBSD_SOURCE 1
| #define _OPENBSD_SOURCE 1
| #define _POSIX_PTHREAD_SEMANTICS 1
| #define __STDC_WANT_IEC_60559_ATTRIBS_EXT__ 1
| #define __STDC_WANT_IEC_60559_BFP_EXT__ 1
| #define __STDC_WANT_IEC_60559_DFP_EXT__ 1
| #define __STDC_WANT_IEC_60559_FUNCS_EXT__ 1
| #define __STDC_WANT_IEC_60559_TYPES_EXT__ 1
| #define __STDC_WANT_LIB_EXT2__ 1
| #define __STDC_WANT_MATH_SPEC_FUNCS__ 1
| #define _TANDEM_SOURCE 1
| #define __EXTENSIONS__ 1
| #define HAVE_DLFCN_H 1
| #define LT_OBJDIR ".libs/"
| #define HAVE_CTYPE_H 1
| #define HAVE_FCNTL_H 1
| #define HAVE_LIBGEN_H 1
| /* end confdefs.h.  */
| #include <stddef.h>
| #ifdef HAVE_STDIO_H
| # include <stdio.h>
| #endif
| #ifdef HAVE_STDLIB_H
| # include <stdlib.h>
| #endif
| #ifdef HAVE_STRING_H
| # include <string.h>
| #endif
| #ifdef HAVE_INTTYPES_H
| # include <inttypes.h>
| #endif
| #ifdef HAVE_STDINT_H
| # include <stdint.h>
| #endif
| #ifdef HAVE_STRINGS_H
| # include <strings.h>
| #endif
| #ifdef HAVE_SYS_TYPES_H
| # include <sys/types.h>
| #endif
| #ifdef HAVE_SYS_STAT_H
| # include <sys/stat.h>
| #endif
| #ifdef HAVE_UNISTD_H
| # include <unistd.h>
| #endif
| #include <libintl.h>
configure:15443: result: no
configure:15449: checking for limits.h
configure:15449: gcc -c -g -O2 -Wall  conftest.c >&5
configure:15449: $? = 0
configure:15449: result: yes
configure:15455: checking for locale.h
configure:15455: gcc -c -g -O2 -Wall  conftest.c >&5
configure:15455: $? = 0
configure:15455: result: yes
configure:15461: checking for mntent.h
configure:15461: gcc -c -g -O2 -Wall  conftest.c >&5
configure:15461: $? = 0
configure:15461: result: yes
configure:15467: checking for stddef.h
configure:15467: gcc -c -g -O2 -Wall  conftest.c >&5
configure:15467: $? = 0
configure:15467: result: yes
configure:15473: checking for stdint.h
configure:15473: result: yes
configure:15479: checking for stdlib.h
configure:15479: result: yes
configure:15485: checking for stdio.h
configure:15485: result: yes
configure:15491: checking for stdarg.h
configure:15491: gcc -c -g -O2 -Wall  conftest.c >&5
configure:15491: $? = 0
configure:15491: result: yes
configure:15497: checking for string.h
configure:15497: result: yes
configure:15503: checking for strings.h
configure:15503: result: yes
configure:15509: checking for errno.h
configure:15509: gcc -c -g -O2 -Wall  conftest.c >&5
configure:15509: $? = 0
configure:15509: result: yes
configure:15515: checking for time.h
configure:15515: gcc -c -g -O2 -Wall  conftest.c >&5
configure:15515: $? = 0
configure:15515: result: yes
configure:15521: checking for unistd.h
configure:15521: result: yes
configure:15527: checking for utime.h
configure:15527: result: yes
configure:15533: checking for wchar.h
configure:15533: result: yes
configure:15539: checking for getopt.h
configure:15539: gcc -c -g -O2 -Wall  conftest.c >&5
configure:15539: $? = 0
configure:15539: result: yes
configure:15545: checking for features.h
configure:15545: gcc -c -g -O2 -Wall  conftest.c >&5
configure:15545: $? = 0
configure:15545: result: yes
configure:15551: checking for endian.h
configure:15551: gcc -c -g -O2 -Wall  conftest.c >&5
configure:15551: $? = 0
configure:15551: result: yes
configure:15557: checking for byteswap.h
configure:15557: gcc -c -g -O2 -Wall  conftest.c >&5
configure:15557: $? = 0
configure:15557: result: yes
configure:15563: checking for sys/byteorder.h
configure:15563: gcc -c -g -O2 -Wall  conftest.c >&5
conftest.c:91:10: fatal error: sys/byteorder.h: No such file or directory
   91 | #include <sys/byteorder.h>
      |          ^~~~~~~~~~~~~~~~~
compilation terminated.
configure:15563: $? = 1
configure: failed program was:
| /* confdefs.h */
| #define PACKAGE_NAME "ntfsprogs"
| #define PACKAGE_TARNAME "ntfsprogs"
| #define PACKAGE_VERSION "2.0.0"
| #define PACKAGE_STRING "ntfsprogs 2.0.0"
| #define PACKAGE_BUGREPORT "linux-ntfs-dev@lists.sourceforge.net"
| #define PACKAGE_URL ""
| #define PACKAGE "ntfsprogs"
| #define VERSION "2.0.0"
| #define HAVE_STDIO_H 1
| #define HAVE_STDLIB_H 1
| #define HAVE_STRING_H 1
| #define HAVE_INTTYPES_H 1
| #define HAVE_STDINT_H 1
| #define HAVE_STRINGS_H 1
| #define HAVE_SYS_STAT_H 1
| #define HAVE_SYS_TYPES_H 1
| #define HAVE_UNISTD_H 1
| #define HAVE_WCHAR_H 1
| #define HAVE_UTIME_H 1
| #define STDC_HEADERS 1
| #define _ALL_SOURCE 1
| #define _DARWIN_C_SOURCE 1
| #define _GNU_SOURCE 1
| #define _HPUX_ALT_XOPEN_SOCKET_API 1
| #define _NETBSD_SOURCE 1
| #define _OPENBSD_SOURCE 1
| #define _POSIX_PTHREAD_SEMANTICS 1
| #define __STDC_WANT_IEC_60559_ATTRIBS_EXT__ 1
| #define __STDC_WANT_IEC_60559_BFP_EXT__ 1
| #define __STDC_WANT_IEC_60559_DFP_EXT__ 1
| #define __STDC_WANT_IEC_60559_FUNCS_EXT__ 1
| #define __STDC_WANT_IEC_60559_TYPES_EXT__ 1
| #define __STDC_WANT_LIB_EXT2__ 1
| #define __STDC_WANT_MATH_SPEC_FUNCS__ 1
| #define _TANDEM_SOURCE 1
| #define __EXTENSIONS__ 1
| #define HAVE_DLFCN_H 1
| #define LT_OBJDIR ".libs/"
| #define HAVE_CTYPE_H 1
| #define HAVE_FCNTL_H 1
| #define HAVE_LIBGEN_H 1
| #define HAVE_LIMITS_H 1
| #define HAVE_LOCALE_H 1
| #define HAVE_MNTENT_H 1
| #define HAVE_STDDEF_H 1
| #define HAVE_STDINT_H 1
| #define HAVE_STDLIB_H 1
| #define HAVE_STDIO_H 1
| #define HAVE_STDARG_H 1
| #define HAVE_STRING_H 1
| #define HAVE_STRINGS_H 1
| #define HAVE_ERRNO_H 1
| #define HAVE_TIME_H 1
| #define HAVE_UNISTD_H 1
| #define HAVE_UTIME_H 1
| #define HAVE_WCHAR_H 1
| #define HAVE_GETOPT_H 1
| #define HAVE_FEATURES_H 1
| #define HAVE_ENDIAN_H 1
| #define HAVE_BYTESWAP_H 1
| /* end confdefs.h.  */
| #include <stddef.h>
| #ifdef HAVE_STDIO_H
| # include <stdio.h>
| #endif
| #ifdef HAVE_STDLIB_H
| # include <stdlib.h>
| #endif
| #ifdef HAVE_STRING_H
| # include <string.h>
| #endif
| #ifdef HAVE_INTTYPES_H
| # include <inttypes.h>
| #endif
| #ifdef HAVE_STDINT_H
| # include <stdint.h>
| #endif
| #ifdef HAVE_STRINGS_H
| # include <strings.h>
| #endif
| #ifdef HAVE_SYS_TYPES_H
| # include <sys/types.h>
| #endif
| #ifdef HAVE_SYS_STAT_H
| # include <sys/stat.h>
| #endif
| #ifdef HAVE_UNISTD_H
| # include <unistd.h>
| #endif
| #include <sys/byteorder.h>
configure:15563: result: no
configure:15569: checking for sys/endian.h
configure:15569: gcc -c -g -O2 -Wall  conftest.c >&5
conftest.c:91:10: fatal error: sys/endian.h: No such file or directory
   91 | #include <sys/endian.h>
      |          ^~~~~~~~~~~~~~
compilation terminated.
configure:15569: $? = 1
configure: failed program was:
| /* confdefs.h */
| #define PACKAGE_NAME "ntfsprogs"
| #define PACKAGE_TARNAME "ntfsprogs"
| #define PACKAGE_VERSION "2.0.0"
| #define PACKAGE_STRING "ntfsprogs 2.0.0"
| #define PACKAGE_BUGREPORT "linux-ntfs-dev@lists.sourceforge.net"
| #define PACKAGE_URL ""
| #define PACKAGE "ntfsprogs"
| #define VERSION "2.0.0"
| #define HAVE_STDIO_H 1
| #define HAVE_STDLIB_H 1
| #define HAVE_STRING_H 1
| #define HAVE_INTTYPES_H 1
| #define HAVE_STDINT_H 1
| #define HAVE_STRINGS_H 1
| #define HAVE_SYS_STAT_H 1
| #define HAVE_SYS_TYPES_H 1
| #define HAVE_UNISTD_H 1
| #define HAVE_WCHAR_H 1
| #define HAVE_UTIME_H 1
| #define STDC_HEADERS 1
| #define _ALL_SOURCE 1
| #define _DARWIN_C_SOURCE 1
| #define _GNU_SOURCE 1
| #define _HPUX_ALT_XOPEN_SOCKET_API 1
| #define _NETBSD_SOURCE 1
| #define _OPENBSD_SOURCE 1
| #define _POSIX_PTHREAD_SEMANTICS 1
| #define __STDC_WANT_IEC_60559_ATTRIBS_EXT__ 1
| #define __STDC_WANT_IEC_60559_BFP_EXT__ 1
| #define __STDC_WANT_IEC_60559_DFP_EXT__ 1
| #define __STDC_WANT_IEC_60559_FUNCS_EXT__ 1
| #define __STDC_WANT_IEC_60559_TYPES_EXT__ 1
| #define __STDC_WANT_LIB_EXT2__ 1
| #define __STDC_WANT_MATH_SPEC_FUNCS__ 1
| #define _TANDEM_SOURCE 1
| #define __EXTENSIONS__ 1
| #define HAVE_DLFCN_H 1
| #define LT_OBJDIR ".libs/"
| #define HAVE_CTYPE_H 1
| #define HAVE_FCNTL_H 1
| #define HAVE_LIBGEN_H 1
| #define HAVE_LIMITS_H 1
| #define HAVE_LOCALE_H 1
| #define HAVE_MNTENT_H 1
| #define HAVE_STDDEF_H 1
| #define HAVE_STDINT_H 1
| #define HAVE_STDLIB_H 1
| #define HAVE_STDIO_H 1
| #define HAVE_STDARG_H 1
| #define HAVE_STRING_H 1
| #define HAVE_STRINGS_H 1
| #define HAVE_ERRNO_H 1
| #define HAVE_TIME_H 1
| #define HAVE_UNISTD_H 1
| #define HAVE_UTIME_H 1
| #define HAVE_WCHAR_H 1
| #define HAVE_GETOPT_H 1
| #define HAVE_FEATURES_H 1
| #define HAVE_ENDIAN_H 1
| #define HAVE_BYTESWAP_H 1
| /* end confdefs.h.  */
| #include <stddef.h>
| #ifdef HAVE_STDIO_H
| # include <stdio.h>
| #endif
| #ifdef HAVE_STDLIB_H
| # include <stdlib.h>
| #endif
| #ifdef HAVE_STRING_H
| # include <string.h>
| #endif
| #ifdef HAVE_INTTYPES_H
| # include <inttypes.h>
| #endif
| #ifdef HAVE_STDINT_H
| # include <stdint.h>
| #endif
| #ifdef HAVE_STRINGS_H
| # include <strings.h>
| #endif
| #ifdef HAVE_SYS_TYPES_H
| # include <sys/types.h>
| #endif
| #ifdef HAVE_SYS_STAT_H
| # include <sys/stat.h>
| #endif
| #ifdef HAVE_UNISTD_H
| # include <unistd.h>
| #endif
| #include <sys/endian.h>
configure:15569: result: no
configure:15575: checking for sys/param.h
configure:15575: gcc -c -g -O2 -Wall  conftest.c >&5
configure:15575: $? = 0
configure:15575: result: yes
configure:15581: checking for sys/ioctl.h
configure:15581: gcc -c -g -O2 -Wall  conftest.c >&5
configure:15581: $? = 0
configure:15581: result: yes
configure:15587: checking for sys/mount.h
configure:15587: gcc -c -g -O2 -Wall  conftest.c >&5
configure:15587: $? = 0
configure:15587: result: yes
configure:15593: checking for sys/stat.h
configure:15593: result: yes
configure:15599: checking for sys/types.h
configure:15599: result: yes
configure:15605: checking for sys/vfs.h
configure:15605: gcc -c -g -O2 -Wall  conftest.c >&5
configure:15605: $? = 0
configure:15605: result: yes
configure:15611: checking for sys/statvfs.h
configure:15611: gcc -c -g -O2 -Wall  conftest.c >&5
configure:15611: $? = 0
configure:15611: result: yes
configure:15617: checking for sys/sysmacros.h
configure:15617: gcc -c -g -O2 -Wall  conftest.c >&5
configure:15617: $? = 0
configure:15617: result: yes
configure:15623: checking for linux/major.h
configure:15623: gcc -c -g -O2 -Wall  conftest.c >&5
conftest.c:99:10: fatal error: linux/major.h: No such file or directory
   99 | #include <linux/major.h>
      |          ^~~~~~~~~~~~~~~
compilation terminated.
configure:15623: $? = 1
configure: failed program was:
| /* confdefs.h */
| #define PACKAGE_NAME "ntfsprogs"
| #define PACKAGE_TARNAME "ntfsprogs"
| #define PACKAGE_VERSION "2.0.0"
| #define PACKAGE_STRING "ntfsprogs 2.0.0"
| #define PACKAGE_BUGREPORT "linux-ntfs-dev@lists.sourceforge.net"
| #define PACKAGE_URL ""
| #define PACKAGE "ntfsprogs"
| #define VERSION "2.0.0"
| #define HAVE_STDIO_H 1
| #define HAVE_STDLIB_H 1
| #define HAVE_STRING_H 1
| #define HAVE_INTTYPES_H 1
| #define HAVE_STDINT_H 1
| #define HAVE_STRINGS_H 1
| #define HAVE_SYS_STAT_H 1
| #define HAVE_SYS_TYPES_H 1
| #define HAVE_UNISTD_H 1
| #define HAVE_WCHAR_H 1
| #define HAVE_UTIME_H 1
| #define STDC_HEADERS 1
| #define _ALL_SOURCE 1
| #define _DARWIN_C_SOURCE 1
| #define _GNU_SOURCE 1
| #define _HPUX_ALT_XOPEN_SOCKET_API 1
| #define _NETBSD_SOURCE 1
| #define _OPENBSD_SOURCE 1
| #define _POSIX_PTHREAD_SEMANTICS 1
| #define __STDC_WANT_IEC_60559_ATTRIBS_EXT__ 1
| #define __STDC_WANT_IEC_60559_BFP_EXT__ 1
| #define __STDC_WANT_IEC_60559_DFP_EXT__ 1
| #define __STDC_WANT_IEC_60559_FUNCS_EXT__ 1
| #define __STDC_WANT_IEC_60559_TYPES_EXT__ 1
| #define __STDC_WANT_LIB_EXT2__ 1
| #define __STDC_WANT_MATH_SPEC_FUNCS__ 1
| #define _TANDEM_SOURCE 1
| #define __EXTENSIONS__ 1
| #define HAVE_DLFCN_H 1
| #define LT_OBJDIR ".libs/"
| #define HAVE_CTYPE_H 1
| #define HAVE_FCNTL_H 1
| #define HAVE_LIBGEN_H 1
| #define HAVE_LIMITS_H 1
| #define HAVE_LOCALE_H 1
| #define HAVE_MNTENT_H 1
| #define HAVE_STDDEF_H 1
| #define HAVE_STDINT_H 1
| #define HAVE_STDLIB_H 1
| #define HAVE_STDIO_H 1
| #define HAVE_STDARG_H 1
| #define HAVE_STRING_H 1
| #define HAVE_STRINGS_H 1
| #define HAVE_ERRNO_H 1
| #define HAVE_TIME_H 1
| #define HAVE_UNISTD_H 1
| #define HAVE_UTIME_H 1
| #define HAVE_WCHAR_H 1
| #define HAVE_GETOPT_H 1
| #define HAVE_FEATURES_H 1
| #define HAVE_ENDIAN_H 1
| #define HAVE_BYTESWAP_H 1
| #define HAVE_SYS_PARAM_H 1
| #define HAVE_SYS_IOCTL_H 1
| #define HAVE_SYS_MOUNT_H 1
| #define HAVE_SYS_STAT_H 1
| #define HAVE_SYS_TYPES_H 1
| #define HAVE_SYS_VFS_H 1
| #define HAVE_SYS_STATVFS_H 1
| #define HAVE_SYS_SYSMACROS_H 1
| /* end confdefs.h.  */
| #include <stddef.h>
| #ifdef HAVE_STDIO_H
| # include <stdio.h>
| #endif
| #ifdef HAVE_STDLIB_H
| # include <stdlib.h>
| #endif
| #ifdef HAVE_STRING_H
| # include <string.h>
| #endif
| #ifdef HAVE_INTTYPES_H
| # include <inttypes.h>
| #endif
| #ifdef HAVE_STDINT_H
| # include <stdint.h>
| #endif
| #ifdef HAVE_STRINGS_H
| # include <strings.h>
| #endif
| #ifdef HAVE_SYS_TYPES_H
| # include <sys/types.h>
| #endif
| #ifdef HAVE_SYS_STAT_H
| # include <sys/stat.h>
| #endif
| #ifdef HAVE_UNISTD_H
| # include <unistd.h>
| #endif
| #include <linux/major.h>
configure:15623: result: no
configure:15629: checking for linux/fd.h
configure:15629: gcc -c -g -O2 -Wall  conftest.c >&5
conftest.c:99:10: fatal error: linux/fd.h: No such file or directory
   99 | #include <linux/fd.h>
      |          ^~~~~~~~~~~~
compilation terminated.
configure:15629: $? = 1
configure: failed program was:
| /* confdefs.h */
| #define PACKAGE_NAME "ntfsprogs"
| #define PACKAGE_TARNAME "ntfsprogs"
| #define PACKAGE_VERSION "2.0.0"
| #define PACKAGE_STRING "ntfsprogs 2.0.0"
| #define PACKAGE_BUGREPORT "linux-ntfs-dev@lists.sourceforge.net"
| #define PACKAGE_URL ""
| #define PACKAGE "ntfsprogs"
| #define VERSION "2.0.0"
| #define HAVE_STDIO_H 1
| #define HAVE_STDLIB_H 1
| #define HAVE_STRING_H 1
| #define HAVE_INTTYPES_H 1
| #define HAVE_STDINT_H 1
| #define HAVE_STRINGS_H 1
| #define HAVE_SYS_STAT_H 1
| #define HAVE_SYS_TYPES_H 1
| #define HAVE_UNISTD_H 1
| #define HAVE_WCHAR_H 1
| #define HAVE_UTIME_H 1
| #define STDC_HEADERS 1
| #define _ALL_SOURCE 1
| #define _DARWIN_C_SOURCE 1
| #define _GNU_SOURCE 1
| #define _HPUX_ALT_XOPEN_SOCKET_API 1
| #define _NETBSD_SOURCE 1
| #define _OPENBSD_SOURCE 1
| #define _POSIX_PTHREAD_SEMANTICS 1
| #define __STDC_WANT_IEC_60559_ATTRIBS_EXT__ 1
| #define __STDC_WANT_IEC_60559_BFP_EXT__ 1
| #define __STDC_WANT_IEC_60559_DFP_EXT__ 1
| #define __STDC_WANT_IEC_60559_FUNCS_EXT__ 1
| #define __STDC_WANT_IEC_60559_TYPES_EXT__ 1
| #define __STDC_WANT_LIB_EXT2__ 1
| #define __STDC_WANT_MATH_SPEC_FUNCS__ 1
| #define _TANDEM_SOURCE 1
| #define __EXTENSIONS__ 1
| #define HAVE_DLFCN_H 1
| #define LT_OBJDIR ".libs/"
| #define HAVE_CTYPE_H 1
| #define HAVE_FCNTL_H 1
| #define HAVE_LIBGEN_H 1
| #define HAVE_LIMITS_H 1
| #define HAVE_LOCALE_H 1
| #define HAVE_MNTENT_H 1
| #define HAVE_STDDEF_H 1
| #define HAVE_STDINT_H 1
| #define HAVE_STDLIB_H 1
| #define HAVE_STDIO_H 1
| #define HAVE_STDARG_H 1
| #define HAVE_STRING_H 1
| #define HAVE_STRINGS_H 1
| #define HAVE_ERRNO_H 1
| #define HAVE_TIME_H 1
| #define HAVE_UNISTD_H 1
| #define HAVE_UTIME_H 1
| #define HAVE_WCHAR_H 1
| #define HAVE_GETOPT_H 1
| #define HAVE_FEATURES_H 1
| #define HAVE_ENDIAN_H 1
| #define HAVE_BYTESWAP_H 1
| #define HAVE_SYS_PARAM_H 1
| #define HAVE_SYS_IOCTL_H 1
| #define HAVE_SYS_MOUNT_H 1
| #define HAVE_SYS_STAT_H 1
| #define HAVE_SYS_TYPES_H 1
| #define HAVE_SYS_VFS_H 1
| #define HAVE_SYS_STATVFS_H 1
| #define HAVE_SYS_SYSMACROS_H 1
| /* end confdefs.h.  */
| #include <stddef.h>
| #ifdef HAVE_STDIO_H
| # include <stdio.h>
| #endif
| #ifdef HAVE_STDLIB_H
| # include <stdlib.h>
| #endif
| #ifdef HAVE_STRING_H
| # include <string.h>
| #endif
| #ifdef HAVE_INTTYPES_H
| # include <inttypes.h>
| #endif
| #ifdef HAVE_STDINT_H
| # include <stdint.h>
| #endif
| #ifdef HAVE_STRINGS_H
| # include <strings.h>
| #endif
| #ifdef HAVE_SYS_TYPES_H
| # include <sys/types.h>
| #endif
| #ifdef HAVE_SYS_STAT_H
| # include <sys/stat.h>
| #endif
| #ifdef HAVE_UNISTD_H
| # include <unistd.h>
| #endif
| #include <linux/fd.h>
configure:15629: result: no
configure:15635: checking for linux/hdreg.h
configure:15635: gcc -c -g -O2 -Wall  conftest.c >&5
conftest.c:99:10: fatal error: linux/hdreg.h: No such file or directory
   99 | #include <linux/hdreg.h>
      |          ^~~~~~~~~~~~~~~
compilation terminated.
configure:15635: $? = 1
configure: failed program was:
| /* confdefs.h */
| #define PACKAGE_NAME "ntfsprogs"
| #define PACKAGE_TARNAME "ntfsprogs"
| #define PACKAGE_VERSION "2.0.0"
| #define PACKAGE_STRING "ntfsprogs 2.0.0"
| #define PACKAGE_BUGREPORT "linux-ntfs-dev@lists.sourceforge.net"
| #define PACKAGE_URL ""
| #define PACKAGE "ntfsprogs"
| #define VERSION "2.0.0"
| #define HAVE_STDIO_H 1
| #define HAVE_STDLIB_H 1
| #define HAVE_STRING_H 1
| #define HAVE_INTTYPES_H 1
| #define HAVE_STDINT_H 1
| #define HAVE_STRINGS_H 1
| #define HAVE_SYS_STAT_H 1
| #define HAVE_SYS_TYPES_H 1
| #define HAVE_UNISTD_H 1
| #define HAVE_WCHAR_H 1
| #define HAVE_UTIME_H 1
| #define STDC_HEADERS 1
| #define _ALL_SOURCE 1
| #define _DARWIN_C_SOURCE 1
| #define _GNU_SOURCE 1
| #define _HPUX_ALT_XOPEN_SOCKET_API 1
| #define _NETBSD_SOURCE 1
| #define _OPENBSD_SOURCE 1
| #define _POSIX_PTHREAD_SEMANTICS 1
| #define __STDC_WANT_IEC_60559_ATTRIBS_EXT__ 1
| #define __STDC_WANT_IEC_60559_BFP_EXT__ 1
| #define __STDC_WANT_IEC_60559_DFP_EXT__ 1
| #define __STDC_WANT_IEC_60559_FUNCS_EXT__ 1
| #define __STDC_WANT_IEC_60559_TYPES_EXT__ 1
| #define __STDC_WANT_LIB_EXT2__ 1
| #define __STDC_WANT_MATH_SPEC_FUNCS__ 1
| #define _TANDEM_SOURCE 1
| #define __EXTENSIONS__ 1
| #define HAVE_DLFCN_H 1
| #define LT_OBJDIR ".libs/"
| #define HAVE_CTYPE_H 1
| #define HAVE_FCNTL_H 1
| #define HAVE_LIBGEN_H 1
| #define HAVE_LIMITS_H 1
| #define HAVE_LOCALE_H 1
| #define HAVE_MNTENT_H 1
| #define HAVE_STDDEF_H 1
| #define HAVE_STDINT_H 1
| #define HAVE_STDLIB_H 1
| #define HAVE_STDIO_H 1
| #define HAVE_STDARG_H 1
| #define HAVE_STRING_H 1
| #define HAVE_STRINGS_H 1
| #define HAVE_ERRNO_H 1
| #define HAVE_TIME_H 1
| #define HAVE_UNISTD_H 1
| #define HAVE_UTIME_H 1
| #define HAVE_WCHAR_H 1
| #define HAVE_GETOPT_H 1
| #define HAVE_FEATURES_H 1
| #define HAVE_ENDIAN_H 1
| #define HAVE_BYTESWAP_H 1
| #define HAVE_SYS_PARAM_H 1
| #define HAVE_SYS_IOCTL_H 1
| #define HAVE_SYS_MOUNT_H 1
| #define HAVE_SYS_STAT_H 1
| #define HAVE_SYS_TYPES_H 1
| #define HAVE_SYS_VFS_H 1
| #define HAVE_SYS_STATVFS_H 1
| #define HAVE_SYS_SYSMACROS_H 1
| /* end confdefs.h.  */
| #include <stddef.h>
| #ifdef HAVE_STDIO_H
| # include <stdio.h>
| #endif
| #ifdef HAVE_STDLIB_H
| # include <stdlib.h>
| #endif
| #ifdef HAVE_STRING_H
| # include <string.h>
| #endif
| #ifdef HAVE_INTTYPES_H
| # include <inttypes.h>
| #endif
| #ifdef HAVE_STDINT_H
| # include <stdint.h>
| #endif
| #ifdef HAVE_STRINGS_H
| # include <strings.h>
| #endif
| #ifdef HAVE_SYS_TYPES_H
| # include <sys/types.h>
| #endif
| #ifdef HAVE_SYS_STAT_H
| # include <sys/stat.h>
| #endif
| #ifdef HAVE_UNISTD_H
| # include <unistd.h>
| #endif
| #include <linux/hdreg.h>
configure:15635: result: no
configure:15641: checking for machine/endian.h
configure:15641: gcc -c -g -O2 -Wall  conftest.c >&5
configure:15641: $? = 0
configure:15641: result: yes
configure:15647: checking for windows.h
configure:15647: gcc -c -g -O2 -Wall  conftest.c >&5
configure:15647: $? = 0
configure:15647: result: yes
configure:15653: checking for syslog.h
configure:15653: gcc -c -g -O2 -Wall  conftest.c >&5
configure:15653: $? = 0
configure:15653: result: yes
configure:15659: checking for pwd.h
configure:15659: gcc -c -g -O2 -Wall  conftest.c >&5
configure:15659: $? = 0
configure:15659: result: yes
configure:15668: checking for _Bool
configure:15668: gcc -c -g -O2 -Wall  conftest.c >&5
configure:15668: $? = 0
configure:15668: gcc -c -g -O2 -Wall  conftest.c >&5
conftest.c: In function 'main':
conftest.c:106:20: error: expected expression before ')' token
  106 | if (sizeof ((_Bool)))
      |                    ^
configure:15668: $? = 1
configure: failed program was:
| /* confdefs.h */
| #define PACKAGE_NAME "ntfsprogs"
| #define PACKAGE_TARNAME "ntfsprogs"
| #define PACKAGE_VERSION "2.0.0"
| #define PACKAGE_STRING "ntfsprogs 2.0.0"
| #define PACKAGE_BUGREPORT "linux-ntfs-dev@lists.sourceforge.net"
| #define PACKAGE_URL ""
| #define PACKAGE "ntfsprogs"
| #define VERSION "2.0.0"
| #define HAVE_STDIO_H 1
| #define HAVE_STDLIB_H 1
| #define HAVE_STRING_H 1
| #define HAVE_INTTYPES_H 1
| #define HAVE_STDINT_H 1
| #define HAVE_STRINGS_H 1
| #define HAVE_SYS_STAT_H 1
| #define HAVE_SYS_TYPES_H 1
| #define HAVE_UNISTD_H 1
| #define HAVE_WCHAR_H 1
| #define HAVE_UTIME_H 1
| #define STDC_HEADERS 1
| #define _ALL_SOURCE 1
| #define _DARWIN_C_SOURCE 1
| #define _GNU_SOURCE 1
| #define _HPUX_ALT_XOPEN_SOCKET_API 1
| #define _NETBSD_SOURCE 1
| #define _OPENBSD_SOURCE 1
| #define _POSIX_PTHREAD_SEMANTICS 1
| #define __STDC_WANT_IEC_60559_ATTRIBS_EXT__ 1
| #define __STDC_WANT_IEC_60559_BFP_EXT__ 1
| #define __STDC_WANT_IEC_60559_DFP_EXT__ 1
| #define __STDC_WANT_IEC_60559_FUNCS_EXT__ 1
| #define __STDC_WANT_IEC_60559_TYPES_EXT__ 1
| #define __STDC_WANT_LIB_EXT2__ 1
| #define __STDC_WANT_MATH_SPEC_FUNCS__ 1
| #define _TANDEM_SOURCE 1
| #define __EXTENSIONS__ 1
| #define HAVE_DLFCN_H 1
| #define LT_OBJDIR ".libs/"
| #define HAVE_CTYPE_H 1
| #define HAVE_FCNTL_H 1
| #define HAVE_LIBGEN_H 1
| #define HAVE_LIMITS_H 1
| #define HAVE_LOCALE_H 1
| #define HAVE_MNTENT_H 1
| #define HAVE_STDDEF_H 1
| #define HAVE_STDINT_H 1
| #define HAVE_STDLIB_H 1
| #define HAVE_STDIO_H 1
| #define HAVE_STDARG_H 1
| #define HAVE_STRING_H 1
| #define HAVE_STRINGS_H 1
| #define HAVE_ERRNO_H 1
| #define HAVE_TIME_H 1
| #define HAVE_UNISTD_H 1
| #define HAVE_UTIME_H 1
| #define HAVE_WCHAR_H 1
| #define HAVE_GETOPT_H 1
| #define HAVE_FEATURES_H 1
| #define HAVE_ENDIAN_H 1
| #define HAVE_BYTESWAP_H 1
| #define HAVE_SYS_PARAM_H 1
| #define HAVE_SYS_IOCTL_H 1
| #define HAVE_SYS_MOUNT_H 1
| #define HAVE_SYS_STAT_H 1
| #define HAVE_SYS_TYPES_H 1
| #define HAVE_SYS_VFS_H 1
| #define HAVE_SYS_STATVFS_H 1
| #define HAVE_SYS_SYSMACROS_H 1
| #define HAVE_MACHINE_ENDIAN_H 1
| #define HAVE_WINDOWS_H 1
| #define HAVE_SYSLOG_H 1
| #define HAVE_PWD_H 1
| /* end confdefs.h.  */
| #include <stddef.h>
| #ifdef HAVE_STDIO_H
| # include <stdio.h>
| #endif
| #ifdef HAVE_STDLIB_H
| # include <stdlib.h>
| #endif
| #ifdef HAVE_STRING_H
| # include <string.h>
| #endif
| #ifdef HAVE_INTTYPES_H
| # include <inttypes.h>
| #endif
| #ifdef HAVE_STDINT_H
| # include <stdint.h>
| #endif
| #ifdef HAVE_STRINGS_H
| # include <strings.h>
| #endif
| #ifdef HAVE_SYS_TYPES_H
| # include <sys/types.h>
| #endif
| #ifdef HAVE_SYS_STAT_H
| # include <sys/stat.h>
| #endif
| #ifdef HAVE_UNISTD_H
| # include <unistd.h>
| #endif
| int
| main (void)
| {
| if (sizeof ((_Bool)))
| 	    return 0;
|   ;
|   return 0;
| }
configure:15668: result: yes
configure:15677: checking for stdbool.h that conforms to C99
configure:15793: gcc -c -g -O2 -Wall  conftest.c >&5
conftest.c: In function 'main':
conftest.c:161:14: warning: the address of 's' will always evaluate as 'true' [-Waddress]
  161 |              bool ps = &s;
      |              ^~~~
conftest.c:166:16: warning: the address of 't' will always evaluate as 'true' [-Waddress]
  166 |                _Bool pt = &t;
      |                ^~~~~
conftest.c:173:22: warning: the address of 'a' will always evaluate as 'true' [-Waddress]
  173 |              return (!a + !b + !c + !d + !e + !f + !g + !h + !i + !j + !k
      |                      ^
conftest.c:173:27: warning: the address of 'b' will always evaluate as 'true' [-Waddress]
  173 |              return (!a + !b + !c + !d + !e + !f + !g + !h + !i + !j + !k
      |                           ^
conftest.c:173:32: warning: the address of 'c' will always evaluate as 'true' [-Waddress]
  173 |              return (!a + !b + !c + !d + !e + !f + !g + !h + !i + !j + !k
      |                                ^
conftest.c:173:37: warning: the address of 'd' will always evaluate as 'true' [-Waddress]
  173 |              return (!a + !b + !c + !d + !e + !f + !g + !h + !i + !j + !k
      |                                     ^
conftest.c:173:62: warning: the address of 'i' will always evaluate as 'true' [-Waddress]
  173 |              return (!a + !b + !c + !d + !e + !f + !g + !h + !i + !j + !k
      |                                                              ^
conftest.c:173:67: warning: the address of 'j' will always evaluate as 'true' [-Waddress]
  173 |              return (!a + !b + !c + !d + !e + !f + !g + !h + !i + !j + !k
      |                                                                   ^
conftest.c:173:72: warning: the address of 'k' will always evaluate as 'true' [-Waddress]
  173 |              return (!a + !b + !c + !d + !e + !f + !g + !h + !i + !j + !k
      |                                                                        ^
conftest.c:174:24: warning: the address of 'l' will always evaluate as 'true' [-Waddress]
  174 |                      + !l + !m + !n + !o + !p + !pp + !ps
      |                        ^
conftest.c:174:29: warning: the address of 'm' will always evaluate as 'true' [-Waddress]
  174 |                      + !l + !m + !n + !o + !p + !pp + !ps
      |                             ^
conftest.c:174:34: warning: the address of 'n' will always evaluate as 'true' [-Waddress]
  174 |                      + !l + !m + !n + !o + !p + !pp + !ps
      |                                  ^
conftest.c:174:39: warning: the address of 'o' will always evaluate as 'true' [-Waddress]
  174 |                      + !l + !m + !n + !o + !p + !pp + !ps
      |                                       ^
conftest.c:176:24: warning: the address of 'q' will always evaluate as 'true' [-Waddress]
  176 |                      + !q + !r + !u + !v + !w + !x + !y + !z + !pt
      |                        ^
conftest.c:176:29: warning: the address of 'r' will always evaluate as 'true' [-Waddress]
  176 |                      + !q + !r + !u + !v + !w + !x + !y + !z + !pt
      |                             ^
conftest.c:176:34: warning: the address of 'u' will always evaluate as 'true' [-Waddress]
  176 |                      + !q + !r + !u + !v + !w + !x + !y + !z + !pt
      |                                  ^
conftest.c:176:39: warning: the address of 'v' will always evaluate as 'true' [-Waddress]
  176 |                      + !q + !r + !u + !v + !w + !x + !y + !z + !pt
      |                                       ^
conftest.c:176:44: warning: the address of 'w' will always evaluate as 'true' [-Waddress]
  176 |                      + !q + !r + !u + !v + !w + !x + !y + !z + !pt
      |                                            ^
conftest.c:176:49: warning: the address of 'x' will always evaluate as 'true' [-Waddress]
  176 |                      + !q + !r + !u + !v + !w + !x + !y + !z + !pt
      |                                                 ^
conftest.c:176:54: warning: the address of 'y' will always evaluate as 'true' [-Waddress]
  176 |                      + !q + !r + !u + !v + !w + !x + !y + !z + !pt
      |                                                      ^
configure:15793: $? = 0
configure:15801: result: yes
configure:15810: checking whether byte ordering is bigendian
configure:15826: gcc -c -g -O2 -Wall  conftest.c >&5
conftest.c:78:16: error: unknown type name 'not'
   78 |                not a universal capable compiler
      |                ^~~
conftest.c:78:22: error: expected '=', ',', ';', 'asm' or '__attribute__' before 'universal'
   78 |                not a universal capable compiler
      |                      ^~~~~~~~~
conftest.c:78:22: error: unknown type name 'universal'
configure:15826: $? = 1
configure: failed program was:
| /* confdefs.h */
| #define PACKAGE_NAME "ntfsprogs"
| #define PACKAGE_TARNAME "ntfsprogs"
| #define PACKAGE_VERSION "2.0.0"
| #define PACKAGE_STRING "ntfsprogs 2.0.0"
| #define PACKAGE_BUGREPORT "linux-ntfs-dev@lists.sourceforge.net"
| #define PACKAGE_URL ""
| #define PACKAGE "ntfsprogs"
| #define VERSION "2.0.0"
| #define HAVE_STDIO_H 1
| #define HAVE_STDLIB_H 1
| #define HAVE_STRING_H 1
| #define HAVE_INTTYPES_H 1
| #define HAVE_STDINT_H 1
| #define HAVE_STRINGS_H 1
| #define HAVE_SYS_STAT_H 1
| #define HAVE_SYS_TYPES_H 1
| #define HAVE_UNISTD_H 1
| #define HAVE_WCHAR_H 1
| #define HAVE_UTIME_H 1
| #define STDC_HEADERS 1
| #define _ALL_SOURCE 1
| #define _DARWIN_C_SOURCE 1
| #define _GNU_SOURCE 1
| #define _HPUX_ALT_XOPEN_SOCKET_API 1
| #define _NETBSD_SOURCE 1
| #define _OPENBSD_SOURCE 1
| #define _POSIX_PTHREAD_SEMANTICS 1
| #define __STDC_WANT_IEC_60559_ATTRIBS_EXT__ 1
| #define __STDC_WANT_IEC_60559_BFP_EXT__ 1
| #define __STDC_WANT_IEC_60559_DFP_EXT__ 1
| #define __STDC_WANT_IEC_60559_FUNCS_EXT__ 1
| #define __STDC_WANT_IEC_60559_TYPES_EXT__ 1
| #define __STDC_WANT_LIB_EXT2__ 1
| #define __STDC_WANT_MATH_SPEC_FUNCS__ 1
| #define _TANDEM_SOURCE 1
| #define __EXTENSIONS__ 1
| #define HAVE_DLFCN_H 1
| #define LT_OBJDIR ".libs/"
| #define HAVE_CTYPE_H 1
| #define HAVE_FCNTL_H 1
| #define HAVE_LIBGEN_H 1
| #define HAVE_LIMITS_H 1
| #define HAVE_LOCALE_H 1
| #define HAVE_MNTENT_H 1
| #define HAVE_STDDEF_H 1
| #define HAVE_STDINT_H 1
| #define HAVE_STDLIB_H 1
| #define HAVE_STDIO_H 1
| #define HAVE_STDARG_H 1
| #define HAVE_STRING_H 1
| #define HAVE_STRINGS_H 1
| #define HAVE_ERRNO_H 1
| #define HAVE_TIME_H 1
| #define HAVE_UNISTD_H 1
| #define HAVE_UTIME_H 1
| #define HAVE_WCHAR_H 1
| #define HAVE_GETOPT_H 1
| #define HAVE_FEATURES_H 1
| #define HAVE_ENDIAN_H 1
| #define HAVE_BYTESWAP_H 1
| #define HAVE_SYS_PARAM_H 1
| #define HAVE_SYS_IOCTL_H 1
| #define HAVE_SYS_MOUNT_H 1
| #define HAVE_SYS_STAT_H 1
| #define HAVE_SYS_TYPES_H 1
| #define HAVE_SYS_VFS_H 1
| #define HAVE_SYS_STATVFS_H 1
| #define HAVE_SYS_SYSMACROS_H 1
| #define HAVE_MACHINE_ENDIAN_H 1
| #define HAVE_WINDOWS_H 1
| #define HAVE_SYSLOG_H 1
| #define HAVE_PWD_H 1
| #define HAVE__BOOL 1
| #define HAVE_STDBOOL_H 1
| /* end confdefs.h.  */
| #ifndef __APPLE_CC__
| 	       not a universal capable compiler
| 	     #endif
| 	     typedef int dummy;
| 
configure:15872: gcc -c -g -O2 -Wall  conftest.c >&5
configure:15872: $? = 0
configure:15891: gcc -c -g -O2 -Wall  conftest.c >&5
conftest.c: In function 'main':
conftest.c:84:18: error: unknown type name 'not'; did you mean 'ino_t'?
   84 |                  not big endian
      |                  ^~~
      |                  ino_t
conftest.c:84:26: error: expected '=', ',', ';', 'asm' or '__attribute__' before 'endian'
   84 |                  not big endian
      |                          ^~~~~~
configure:15891: $? = 1
configure: failed program was:
| /* confdefs.h */
| #define PACKAGE_NAME "ntfsprogs"
| #define PACKAGE_TARNAME "ntfsprogs"
| #define PACKAGE_VERSION "2.0.0"
| #define PACKAGE_STRING "ntfsprogs 2.0.0"
| #define PACKAGE_BUGREPORT "linux-ntfs-dev@lists.sourceforge.net"
| #define PACKAGE_URL ""
| #define PACKAGE "ntfsprogs"
| #define VERSION "2.0.0"
| #define HAVE_STDIO_H 1
| #define HAVE_STDLIB_H 1
| #define HAVE_STRING_H 1
| #define HAVE_INTTYPES_H 1
| #define HAVE_STDINT_H 1
| #define HAVE_STRINGS_H 1
| #define HAVE_SYS_STAT_H 1
| #define HAVE_SYS_TYPES_H 1
| #define HAVE_UNISTD_H 1
| #define HAVE_WCHAR_H 1
| #define HAVE_UTIME_H 1
| #define STDC_HEADERS 1
| #define _ALL_SOURCE 1
| #define _DARWIN_C_SOURCE 1
| #define _GNU_SOURCE 1
| #define _HPUX_ALT_XOPEN_SOCKET_API 1
| #define _NETBSD_SOURCE 1
| #define _OPENBSD_SOURCE 1
| #define _POSIX_PTHREAD_SEMANTICS 1
| #define __STDC_WANT_IEC_60559_ATTRIBS_EXT__ 1
| #define __STDC_WANT_IEC_60559_BFP_EXT__ 1
| #define __STDC_WANT_IEC_60559_DFP_EXT__ 1
| #define __STDC_WANT_IEC_60559_FUNCS_EXT__ 1
| #define __STDC_WANT_IEC_60559_TYPES_EXT__ 1
| #define __STDC_WANT_LIB_EXT2__ 1
| #define __STDC_WANT_MATH_SPEC_FUNCS__ 1
| #define _TANDEM_SOURCE 1
| #define __EXTENSIONS__ 1
| #define HAVE_DLFCN_H 1
| #define LT_OBJDIR ".libs/"
| #define HAVE_CTYPE_H 1
| #define HAVE_FCNTL_H 1
| #define HAVE_LIBGEN_H 1
| #define HAVE_LIMITS_H 1
| #define HAVE_LOCALE_H 1
| #define HAVE_MNTENT_H 1
| #define HAVE_STDDEF_H 1
| #define HAVE_STDINT_H 1
| #define HAVE_STDLIB_H 1
| #define HAVE_STDIO_H 1
| #define HAVE_STDARG_H 1
| #define HAVE_STRING_H 1
| #define HAVE_STRINGS_H 1
| #define HAVE_ERRNO_H 1
| #define HAVE_TIME_H 1
| #define HAVE_UNISTD_H 1
| #define HAVE_UTIME_H 1
| #define HAVE_WCHAR_H 1
| #define HAVE_GETOPT_H 1
| #define HAVE_FEATURES_H 1
| #define HAVE_ENDIAN_H 1
| #define HAVE_BYTESWAP_H 1
| #define HAVE_SYS_PARAM_H 1
| #define HAVE_SYS_IOCTL_H 1
| #define HAVE_SYS_MOUNT_H 1
| #define HAVE_SYS_STAT_H 1
| #define HAVE_SYS_TYPES_H 1
| #define HAVE_SYS_VFS_H 1
| #define HAVE_SYS_STATVFS_H 1
| #define HAVE_SYS_SYSMACROS_H 1
| #define HAVE_MACHINE_ENDIAN_H 1
| #define HAVE_WINDOWS_H 1
| #define HAVE_SYSLOG_H 1
| #define HAVE_PWD_H 1
| #define HAVE__BOOL 1
| #define HAVE_STDBOOL_H 1
| /* end confdefs.h.  */
| #include <sys/types.h>
| 		#include <sys/param.h>
| 
| int
| main (void)
| {
| #if BYTE_ORDER != BIG_ENDIAN
| 		 not big endian
| 		#endif
| 
|   ;
|   return 0;
| }
configure:16025: result: no
configure:16046: checking for an ANSI C-conforming const
configure:16113: gcc -c -g -O2 -Wall  conftest.c >&5
configure:16113: $? = 0
configure:16121: result: yes
configure:16129: checking for inline
configure:16146: gcc -c -g -O2 -Wall  conftest.c >&5
configure:16146: $? = 0
configure:16155: result: inline
configure:16173: checking for off_t
configure:16173: gcc -c -g -O2 -Wall  conftest.c >&5
configure:16173: $? = 0
configure:16173: gcc -c -g -O2 -Wall  conftest.c >&5
conftest.c: In function 'main':
conftest.c:109:20: error: expected expression before ')' token
  109 | if (sizeof ((off_t)))
      |                    ^
configure:16173: $? = 1
configure: failed program was:
| /* confdefs.h */
| #define PACKAGE_NAME "ntfsprogs"
| #define PACKAGE_TARNAME "ntfsprogs"
| #define PACKAGE_VERSION "2.0.0"
| #define PACKAGE_STRING "ntfsprogs 2.0.0"
| #define PACKAGE_BUGREPORT "linux-ntfs-dev@lists.sourceforge.net"
| #define PACKAGE_URL ""
| #define PACKAGE "ntfsprogs"
| #define VERSION "2.0.0"
| #define HAVE_STDIO_H 1
| #define HAVE_STDLIB_H 1
| #define HAVE_STRING_H 1
| #define HAVE_INTTYPES_H 1
| #define HAVE_STDINT_H 1
| #define HAVE_STRINGS_H 1
| #define HAVE_SYS_STAT_H 1
| #define HAVE_SYS_TYPES_H 1
| #define HAVE_UNISTD_H 1
| #define HAVE_WCHAR_H 1
| #define HAVE_UTIME_H 1
| #define STDC_HEADERS 1
| #define _ALL_SOURCE 1
| #define _DARWIN_C_SOURCE 1
| #define _GNU_SOURCE 1
| #define _HPUX_ALT_XOPEN_SOCKET_API 1
| #define _NETBSD_SOURCE 1
| #define _OPENBSD_SOURCE 1
| #define _POSIX_PTHREAD_SEMANTICS 1
| #define __STDC_WANT_IEC_60559_ATTRIBS_EXT__ 1
| #define __STDC_WANT_IEC_60559_BFP_EXT__ 1
| #define __STDC_WANT_IEC_60559_DFP_EXT__ 1
| #define __STDC_WANT_IEC_60559_FUNCS_EXT__ 1
| #define __STDC_WANT_IEC_60559_TYPES_EXT__ 1
| #define __STDC_WANT_LIB_EXT2__ 1
| #define __STDC_WANT_MATH_SPEC_FUNCS__ 1
| #define _TANDEM_SOURCE 1
| #define __EXTENSIONS__ 1
| #define HAVE_DLFCN_H 1
| #define LT_OBJDIR ".libs/"
| #define HAVE_CTYPE_H 1
| #define HAVE_FCNTL_H 1
| #define HAVE_LIBGEN_H 1
| #define HAVE_LIMITS_H 1
| #define HAVE_LOCALE_H 1
| #define HAVE_MNTENT_H 1
| #define HAVE_STDDEF_H 1
| #define HAVE_STDINT_H 1
| #define HAVE_STDLIB_H 1
| #define HAVE_STDIO_H 1
| #define HAVE_STDARG_H 1
| #define HAVE_STRING_H 1
| #define HAVE_STRINGS_H 1
| #define HAVE_ERRNO_H 1
| #define HAVE_TIME_H 1
| #define HAVE_UNISTD_H 1
| #define HAVE_UTIME_H 1
| #define HAVE_WCHAR_H 1
| #define HAVE_GETOPT_H 1
| #define HAVE_FEATURES_H 1
| #define HAVE_ENDIAN_H 1
| #define HAVE_BYTESWAP_H 1
| #define HAVE_SYS_PARAM_H 1
| #define HAVE_SYS_IOCTL_H 1
| #define HAVE_SYS_MOUNT_H 1
| #define HAVE_SYS_STAT_H 1
| #define HAVE_SYS_TYPES_H 1
| #define HAVE_SYS_VFS_H 1
| #define HAVE_SYS_STATVFS_H 1
| #define HAVE_SYS_SYSMACROS_H 1
| #define HAVE_MACHINE_ENDIAN_H 1
| #define HAVE_WINDOWS_H 1
| #define HAVE_SYSLOG_H 1
| #define HAVE_PWD_H 1
| #define HAVE__BOOL 1
| #define HAVE_STDBOOL_H 1
| #define WORDS_LITTLEENDIAN 1
| /* end confdefs.h.  */
| #include <stddef.h>
| #ifdef HAVE_STDIO_H
| # include <stdio.h>
| #endif
| #ifdef HAVE_STDLIB_H
| # include <stdlib.h>
| #endif
| #ifdef HAVE_STRING_H
| # include <string.h>
| #endif
| #ifdef HAVE_INTTYPES_H
| # include <inttypes.h>
| #endif
| #ifdef HAVE_STDINT_H
| # include <stdint.h>
| #endif
| #ifdef HAVE_STRINGS_H
| # include <strings.h>
| #endif
| #ifdef HAVE_SYS_TYPES_H
| # include <sys/types.h>
| #endif
| #ifdef HAVE_SYS_STAT_H
| # include <sys/stat.h>
| #endif
| #ifdef HAVE_UNISTD_H
| # include <unistd.h>
| #endif
| int
| main (void)
| {
| if (sizeof ((off_t)))
| 	    return 0;
|   ;
|   return 0;
| }
configure:16173: result: yes
configure:16183: checking for size_t
configure:16183: gcc -c -g -O2 -Wall  conftest.c >&5
configure:16183: $? = 0
configure:16183: gcc -c -g -O2 -Wall  conftest.c >&5
conftest.c: In function 'main':
conftest.c:109:21: error: expected expression before ')' token
  109 | if (sizeof ((size_t)))
      |                     ^
configure:16183: $? = 1
configure: failed program was:
| /* confdefs.h */
| #define PACKAGE_NAME "ntfsprogs"
| #define PACKAGE_TARNAME "ntfsprogs"
| #define PACKAGE_VERSION "2.0.0"
| #define PACKAGE_STRING "ntfsprogs 2.0.0"
| #define PACKAGE_BUGREPORT "linux-ntfs-dev@lists.sourceforge.net"
| #define PACKAGE_URL ""
| #define PACKAGE "ntfsprogs"
| #define VERSION "2.0.0"
| #define HAVE_STDIO_H 1
| #define HAVE_STDLIB_H 1
| #define HAVE_STRING_H 1
| #define HAVE_INTTYPES_H 1
| #define HAVE_STDINT_H 1
| #define HAVE_STRINGS_H 1
| #define HAVE_SYS_STAT_H 1
| #define HAVE_SYS_TYPES_H 1
| #define HAVE_UNISTD_H 1
| #define HAVE_WCHAR_H 1
| #define HAVE_UTIME_H 1
| #define STDC_HEADERS 1
| #define _ALL_SOURCE 1
| #define _DARWIN_C_SOURCE 1
| #define _GNU_SOURCE 1
| #define _HPUX_ALT_XOPEN_SOCKET_API 1
| #define _NETBSD_SOURCE 1
| #define _OPENBSD_SOURCE 1
| #define _POSIX_PTHREAD_SEMANTICS 1
| #define __STDC_WANT_IEC_60559_ATTRIBS_EXT__ 1
| #define __STDC_WANT_IEC_60559_BFP_EXT__ 1
| #define __STDC_WANT_IEC_60559_DFP_EXT__ 1
| #define __STDC_WANT_IEC_60559_FUNCS_EXT__ 1
| #define __STDC_WANT_IEC_60559_TYPES_EXT__ 1
| #define __STDC_WANT_LIB_EXT2__ 1
| #define __STDC_WANT_MATH_SPEC_FUNCS__ 1
| #define _TANDEM_SOURCE 1
| #define __EXTENSIONS__ 1
| #define HAVE_DLFCN_H 1
| #define LT_OBJDIR ".libs/"
| #define HAVE_CTYPE_H 1
| #define HAVE_FCNTL_H 1
| #define HAVE_LIBGEN_H 1
| #define HAVE_LIMITS_H 1
| #define HAVE_LOCALE_H 1
| #define HAVE_MNTENT_H 1
| #define HAVE_STDDEF_H 1
| #define HAVE_STDINT_H 1
| #define HAVE_STDLIB_H 1
| #define HAVE_STDIO_H 1
| #define HAVE_STDARG_H 1
| #define HAVE_STRING_H 1
| #define HAVE_STRINGS_H 1
| #define HAVE_ERRNO_H 1
| #define HAVE_TIME_H 1
| #define HAVE_UNISTD_H 1
| #define HAVE_UTIME_H 1
| #define HAVE_WCHAR_H 1
| #define HAVE_GETOPT_H 1
| #define HAVE_FEATURES_H 1
| #define HAVE_ENDIAN_H 1
| #define HAVE_BYTESWAP_H 1
| #define HAVE_SYS_PARAM_H 1
| #define HAVE_SYS_IOCTL_H 1
| #define HAVE_SYS_MOUNT_H 1
| #define HAVE_SYS_STAT_H 1
| #define HAVE_SYS_TYPES_H 1
| #define HAVE_SYS_VFS_H 1
| #define HAVE_SYS_STATVFS_H 1
| #define HAVE_SYS_SYSMACROS_H 1
| #define HAVE_MACHINE_ENDIAN_H 1
| #define HAVE_WINDOWS_H 1
| #define HAVE_SYSLOG_H 1
| #define HAVE_PWD_H 1
| #define HAVE__BOOL 1
| #define HAVE_STDBOOL_H 1
| #define WORDS_LITTLEENDIAN 1
| /* end confdefs.h.  */
| #include <stddef.h>
| #ifdef HAVE_STDIO_H
| # include <stdio.h>
| #endif
| #ifdef HAVE_STDLIB_H
| # include <stdlib.h>
| #endif
| #ifdef HAVE_STRING_H
| # include <string.h>
| #endif
| #ifdef HAVE_INTTYPES_H
| # include <inttypes.h>
| #endif
| #ifdef HAVE_STDINT_H
| # include <stdint.h>
| #endif
| #ifdef HAVE_STRINGS_H
| # include <strings.h>
| #endif
| #ifdef HAVE_SYS_TYPES_H
| # include <sys/types.h>
| #endif
| #ifdef HAVE_SYS_STAT_H
| # include <sys/stat.h>
| #endif
| #ifdef HAVE_UNISTD_H
| # include <unistd.h>
| #endif
| int
| main (void)
| {
| if (sizeof ((size_t)))
| 	    return 0;
|   ;
|   return 0;
| }
configure:16183: result: yes
configure:16193: checking for struct stat.st_blocks
configure:16193: gcc -c -g -O2 -Wall  conftest.c >&5
configure:16193: $? = 0
configure:16193: result: yes
configure:16212: checking for struct stat.st_rdev
configure:16212: gcc -c -g -O2 -Wall  conftest.c >&5
configure:16212: $? = 0
configure:16212: result: yes
configure:16225: checking for library containing getmntent
configure:16255: gcc -o conftest.exe -g -O2 -Wall   conftest.c  >&5
configure:16255: $? = 0
configure:16275: result: none required
configure:16291: checking whether mbrtowc and mbstate_t are properly declared
configure:16312: gcc -o conftest.exe -g -O2 -Wall   conftest.c  >&5
configure:16312: $? = 0
configure:16321: result: yes
configure:16329: checking for working memcmp
configure:16374: gcc -o conftest.exe -g -O2 -Wall   conftest.c  >&5
configure:16374: $? = 0
configure:16374: ./conftest.exe
configure:16374: $? = 0
configure:16385: result: yes
configure:16394: checking whether lstat correctly handles trailing slash
configure:16427: gcc -o conftest.exe -g -O2 -Wall   conftest.c  >&5
configure:16427: $? = 0
configure:16427: ./conftest.exe
configure:16427: $? = 0
configure:16445: result: yes
configure:16462: checking whether stat accepts an empty string
configure:16484: gcc -o conftest.exe -g -O2 -Wall   conftest.c  >&5
configure:16484: $? = 0
configure:16484: ./conftest.exe
configure:16484: $? = 0
configure:16495: result: no
configure:16512: checking for strftime
configure:16512: gcc -o conftest.exe -g -O2 -Wall   conftest.c  >&5
conftest.c:100:6: warning: conflicting types for built-in function 'strftime'; expected 'unsigned int(char *, unsigned int,  const char *, const void *)' [-Wbuiltin-declaration-mismatch]
  100 | char strftime ();
      |      ^~~~~~~~
conftest.c:92:1: note: 'strftime' is declared in header '<time.h>'
   91 | #include <limits.h>
   92 | #undef strftime
configure:16512: $? = 0
configure:16512: result: yes
configure:16566: checking whether utime accepts a null argument
configure:16597: gcc -o conftest.exe -g -O2 -Wall   conftest.c  >&5
configure:16597: $? = 0
configure:16597: ./conftest.exe
configure:16597: $? = 0
configure:16608: result: yes
configure:16622: checking for vprintf
configure:16622: gcc -o conftest.exe -g -O2 -Wall   conftest.c  >&5
conftest.c:102:6: warning: conflicting types for built-in function 'vprintf'; expected 'int(const char *, char *)' [-Wbuiltin-declaration-mismatch]
  102 | char vprintf ();
      |      ^~~~~~~
conftest.c:94:1: note: 'vprintf' is declared in header '<stdio.h>'
   93 | #include <limits.h>
   94 | #undef vprintf
configure:16622: $? = 0
configure:16622: result: yes
configure:16643: checking for atexit
configure:16643: gcc -o conftest.exe -g -O2 -Wall   conftest.c  >&5
configure:16643: $? = 0
configure:16643: result: yes
configure:16649: checking for basename
configure:16649: gcc -o conftest.exe -g -O2 -Wall   conftest.c  >&5
configure:16649: $? = 0
configure:16649: result: yes
configure:16655: checking for dup2
configure:16655: gcc -o conftest.exe -g -O2 -Wall   conftest.c  >&5
configure:16655: $? = 0
configure:16655: result: yes
configure:16661: checking for fdatasync
configure:16661: gcc -o conftest.exe -g -O2 -Wall   conftest.c  >&5
configure:16661: $? = 0
configure:16661: result: yes
configure:16667: checking for getopt_long
configure:16667: gcc -o conftest.exe -g -O2 -Wall   conftest.c  >&5
configure:16667: $? = 0
configure:16667: result: yes
configure:16673: checking for hasmntopt
configure:16673: gcc -o conftest.exe -g -O2 -Wall   conftest.c  >&5
/usr/lib/gcc/i686-pc-cygwin/11/../../../../i686-pc-cygwin/bin/ld: /tmp/ccRcUHZn.o: in function `main':
/home/67566/DataRecovery_bak/libtestdisk/ntfsprogs/conftest.c:119: undefined reference to `hasmntopt'
collect2: error: ld returned 1 exit status
configure:16673: $? = 1
configure: failed program was:
| /* confdefs.h */
| #define PACKAGE_NAME "ntfsprogs"
| #define PACKAGE_TARNAME "ntfsprogs"
| #define PACKAGE_VERSION "2.0.0"
| #define PACKAGE_STRING "ntfsprogs 2.0.0"
| #define PACKAGE_BUGREPORT "linux-ntfs-dev@lists.sourceforge.net"
| #define PACKAGE_URL ""
| #define PACKAGE "ntfsprogs"
| #define VERSION "2.0.0"
| #define HAVE_STDIO_H 1
| #define HAVE_STDLIB_H 1
| #define HAVE_STRING_H 1
| #define HAVE_INTTYPES_H 1
| #define HAVE_STDINT_H 1
| #define HAVE_STRINGS_H 1
| #define HAVE_SYS_STAT_H 1
| #define HAVE_SYS_TYPES_H 1
| #define HAVE_UNISTD_H 1
| #define HAVE_WCHAR_H 1
| #define HAVE_UTIME_H 1
| #define STDC_HEADERS 1
| #define _ALL_SOURCE 1
| #define _DARWIN_C_SOURCE 1
| #define _GNU_SOURCE 1
| #define _HPUX_ALT_XOPEN_SOCKET_API 1
| #define _NETBSD_SOURCE 1
| #define _OPENBSD_SOURCE 1
| #define _POSIX_PTHREAD_SEMANTICS 1
| #define __STDC_WANT_IEC_60559_ATTRIBS_EXT__ 1
| #define __STDC_WANT_IEC_60559_BFP_EXT__ 1
| #define __STDC_WANT_IEC_60559_DFP_EXT__ 1
| #define __STDC_WANT_IEC_60559_FUNCS_EXT__ 1
| #define __STDC_WANT_IEC_60559_TYPES_EXT__ 1
| #define __STDC_WANT_LIB_EXT2__ 1
| #define __STDC_WANT_MATH_SPEC_FUNCS__ 1
| #define _TANDEM_SOURCE 1
| #define __EXTENSIONS__ 1
| #define HAVE_DLFCN_H 1
| #define LT_OBJDIR ".libs/"
| #define HAVE_CTYPE_H 1
| #define HAVE_FCNTL_H 1
| #define HAVE_LIBGEN_H 1
| #define HAVE_LIMITS_H 1
| #define HAVE_LOCALE_H 1
| #define HAVE_MNTENT_H 1
| #define HAVE_STDDEF_H 1
| #define HAVE_STDINT_H 1
| #define HAVE_STDLIB_H 1
| #define HAVE_STDIO_H 1
| #define HAVE_STDARG_H 1
| #define HAVE_STRING_H 1
| #define HAVE_STRINGS_H 1
| #define HAVE_ERRNO_H 1
| #define HAVE_TIME_H 1
| #define HAVE_UNISTD_H 1
| #define HAVE_UTIME_H 1
| #define HAVE_WCHAR_H 1
| #define HAVE_GETOPT_H 1
| #define HAVE_FEATURES_H 1
| #define HAVE_ENDIAN_H 1
| #define HAVE_BYTESWAP_H 1
| #define HAVE_SYS_PARAM_H 1
| #define HAVE_SYS_IOCTL_H 1
| #define HAVE_SYS_MOUNT_H 1
| #define HAVE_SYS_STAT_H 1
| #define HAVE_SYS_TYPES_H 1
| #define HAVE_SYS_VFS_H 1
| #define HAVE_SYS_STATVFS_H 1
| #define HAVE_SYS_SYSMACROS_H 1
| #define HAVE_MACHINE_ENDIAN_H 1
| #define HAVE_WINDOWS_H 1
| #define HAVE_SYSLOG_H 1
| #define HAVE_PWD_H 1
| #define HAVE__BOOL 1
| #define HAVE_STDBOOL_H 1
| #define WORDS_LITTLEENDIAN 1
| #define HAVE_STRUCT_STAT_ST_BLOCKS 1
| #define HAVE_ST_BLOCKS 1
| #define HAVE_STRUCT_STAT_ST_RDEV 1
| #define HAVE_GETMNTENT 1
| #define HAVE_MBRTOWC 1
| #define LSTAT_FOLLOWS_SLASHED_SYMLINK 1
| #define HAVE_STRFTIME 1
| #define HAVE_UTIME_NULL 1
| #define HAVE_VPRINTF 1
| #define HAVE_ATEXIT 1
| #define HAVE_BASENAME 1
| #define HAVE_DUP2 1
| #define HAVE_FDATASYNC 1
| #define HAVE_GETOPT_LONG 1
| /* end confdefs.h.  */
| /* Define hasmntopt to an innocuous variant, in case <limits.h> declares hasmntopt.
|    For example, HP-UX 11i <limits.h> declares gettimeofday.  */
| #define hasmntopt innocuous_hasmntopt
| 
| /* System header to define __stub macros and hopefully few prototypes,
|    which can conflict with char hasmntopt (); below.  */
| 
| #include <limits.h>
| #undef hasmntopt
| 
| /* Override any GCC internal prototype to avoid an error.
|    Use char because int might match the return type of a GCC
|    builtin and then its argument prototype would still apply.  */
| #ifdef __cplusplus
| extern "C"
| #endif
| char hasmntopt ();
| /* The GNU C library defines this for functions which it implements
|     to always fail with ENOSYS.  Some functions are actually named
|     something starting with __ and the normal name is an alias.  */
| #if defined __stub_hasmntopt || defined __stub___hasmntopt
| choke me
| #endif
| 
| int
| main (void)
| {
| return hasmntopt ();
|   ;
|   return 0;
| }
configure:16673: result: no
configure:16679: checking for mbsinit
configure:16679: gcc -o conftest.exe -g -O2 -Wall   conftest.c  >&5
configure:16679: $? = 0
configure:16679: result: yes
configure:16685: checking for memmove
configure:16685: gcc -o conftest.exe -g -O2 -Wall   conftest.c  >&5
conftest.c:109:6: warning: conflicting types for built-in function 'memmove'; expected 'void *(void *, const void *, unsigned int)' [-Wbuiltin-declaration-mismatch]
  109 | char memmove ();
      |      ^~~~~~~
conftest.c:101:1: note: 'memmove' is declared in header '<string.h>'
  100 | #include <limits.h>
  101 | #undef memmove
configure:16685: $? = 0
configure:16685: result: yes
configure:16691: checking for memset
configure:16691: gcc -o conftest.exe -g -O2 -Wall   conftest.c  >&5
conftest.c:110:6: warning: conflicting types for built-in function 'memset'; expected 'void *(void *, int,  unsigned int)' [-Wbuiltin-declaration-mismatch]
  110 | char memset ();
      |      ^~~~~~
conftest.c:102:1: note: 'memset' is declared in header '<string.h>'
  101 | #include <limits.h>
  102 | #undef memset
configure:16691: $? = 0
configure:16691: result: yes
configure:16697: checking for realpath
configure:16697: gcc -o conftest.exe -g -O2 -Wall   conftest.c  >&5
configure:16697: $? = 0
configure:16697: result: yes
configure:16703: checking for regcomp
configure:16703: gcc -o conftest.exe -g -O2 -Wall   conftest.c  >&5
configure:16703: $? = 0
configure:16703: result: yes
configure:16709: checking for setlocale
configure:16709: gcc -o conftest.exe -g -O2 -Wall   conftest.c  >&5
configure:16709: $? = 0
configure:16709: result: yes
configure:16715: checking for setxattr
configure:16715: gcc -o conftest.exe -g -O2 -Wall   conftest.c  >&5
configure:16715: $? = 0
configure:16715: result: yes
configure:16721: checking for strcasecmp
configure:16721: gcc -o conftest.exe -g -O2 -Wall   conftest.c  >&5
conftest.c:115:6: warning: conflicting types for built-in function 'strcasecmp'; expected 'int(const char *, const char *)' [-Wbuiltin-declaration-mismatch]
  115 | char strcasecmp ();
      |      ^~~~~~~~~~
configure:16721: $? = 0
configure:16721: result: yes
configure:16727: checking for strchr
configure:16727: gcc -o conftest.exe -g -O2 -Wall   conftest.c  >&5
conftest.c:116:6: warning: conflicting types for built-in function 'strchr'; expected 'char *(const char *, int)' [-Wbuiltin-declaration-mismatch]
  116 | char strchr ();
      |      ^~~~~~
conftest.c:108:1: note: 'strchr' is declared in header '<string.h>'
  107 | #include <limits.h>
  108 | #undef strchr
configure:16727: $? = 0
configure:16727: result: yes
configure:16733: checking for strdup
configure:16733: gcc -o conftest.exe -g -O2 -Wall   conftest.c  >&5
conftest.c:117:6: warning: conflicting types for built-in function 'strdup'; expected 'char *(const char *)' [-Wbuiltin-declaration-mismatch]
  117 | char strdup ();
      |      ^~~~~~
configure:16733: $? = 0
configure:16733: result: yes
configure:16739: checking for strerror
configure:16739: gcc -o conftest.exe -g -O2 -Wall   conftest.c  >&5
configure:16739: $? = 0
configure:16739: result: yes
configure:16745: checking for strnlen
configure:16745: gcc -o conftest.exe -g -O2 -Wall   conftest.c  >&5
conftest.c:119:6: warning: conflicting types for built-in function 'strnlen'; expected 'unsigned int(const char *, unsigned int)' [-Wbuiltin-declaration-mismatch]
  119 | char strnlen ();
      |      ^~~~~~~
configure:16745: $? = 0
configure:16745: result: yes
configure:16751: checking for strtol
configure:16751: gcc -o conftest.exe -g -O2 -Wall   conftest.c  >&5
configure:16751: $? = 0
configure:16751: result: yes
configure:16757: checking for strtoul
configure:16757: gcc -o conftest.exe -g -O2 -Wall   conftest.c  >&5
configure:16757: $? = 0
configure:16757: result: yes
configure:16763: checking for sysconf
configure:16763: gcc -o conftest.exe -g -O2 -Wall   conftest.c  >&5
configure:16763: $? = 0
configure:16763: result: yes
configure:16769: checking for utime
configure:16769: gcc -o conftest.exe -g -O2 -Wall   conftest.c  >&5
configure:16769: $? = 0
configure:16769: result: yes
configure:16889: checking that generated files are newer than configure
configure:16895: result: done
configure:16947: creating ./config.status

## ---------------------- ##
## Running config.status. ##
## ---------------------- ##

This file was extended by ntfsprogs config.status 2.0.0, which was
generated by GNU Autoconf 2.71.  Invocation command line was

  CONFIG_FILES    = 
  CONFIG_HEADERS  = 
  CONFIG_LINKS    = 
  CONFIG_COMMANDS = 
  $ ./config.status 

on HudunWorkPC

config.status:1242: creating Makefile
config.status:1242: creating doc/Makefile
config.status:1242: creating include/Makefile
config.status:1242: creating include/ntfs/Makefile
config.status:1242: creating libntfs/Makefile
config.status:1242: creating libntfs/libntfs.conf
config.status:1242: creating libntfs/libntfs.8
config.status:1242: creating libntfs/libntfs-gnomevfs.8
config.status:1242: creating ntfsprogs/Makefile
config.status:1242: creating ntfsprogs/mkntfs.8
config.status:1242: creating ntfsprogs/ntfscat.8
config.status:1242: creating ntfsprogs/ntfsclone.8
config.status:1242: creating ntfsprogs/ntfscluster.8
config.status:1242: creating ntfsprogs/ntfscmp.8
config.status:1242: creating ntfsprogs/ntfscp.8
config.status:1242: creating ntfsprogs/ntfsfix.8
config.status:1242: creating ntfsprogs/ntfsinfo.8
config.status:1242: creating ntfsprogs/ntfslabel.8
config.status:1242: creating ntfsprogs/ntfsls.8
config.status:1242: creating ntfsprogs/ntfsmount.8
config.status:1242: creating ntfsprogs/ntfsprogs.8
config.status:1242: creating ntfsprogs/ntfsresize.8
config.status:1242: creating ntfsprogs/ntfsundelete.8
config.status:1242: creating ntfsprogs.spec
config.status:1242: creating test/Makefile
config.status:1242: creating config.h
config.status:1471: executing depfiles commands
config.status:1548: cd libntfs       && sed -e '/# am--include-marker/d' Makefile         | make -f - am--depfiles
config.status:1553: $? = 0
config.status:1548: cd ntfsprogs       && sed -e '/# am--include-marker/d' Makefile         | make -f - am--depfiles
config.status:1553: $? = 0
config.status:1548: cd test       && sed -e '/# am--include-marker/d' Makefile         | make -f - am--depfiles
config.status:1553: $? = 0
config.status:1471: executing libtool commands

## ---------------- ##
## Cache variables. ##
## ---------------- ##

ac_cv_build=i686-pc-cygwin
ac_cv_c_bigendian=no
ac_cv_c_compiler_gnu=yes
ac_cv_c_const=yes
ac_cv_c_inline=inline
ac_cv_env_CC_set=
ac_cv_env_CC_value=
ac_cv_env_CFLAGS_set=
ac_cv_env_CFLAGS_value=
ac_cv_env_CPPFLAGS_set=
ac_cv_env_CPPFLAGS_value=
ac_cv_env_CPP_set=
ac_cv_env_CPP_value=
ac_cv_env_FUSE_CFLAGS_set=
ac_cv_env_FUSE_CFLAGS_value=
ac_cv_env_FUSE_LIBS_set=
ac_cv_env_FUSE_LIBS_value=
ac_cv_env_GNUTLS_CFLAGS_set=
ac_cv_env_GNUTLS_CFLAGS_value=
ac_cv_env_GNUTLS_LIBS_set=
ac_cv_env_GNUTLS_LIBS_value=
ac_cv_env_LDFLAGS_set=
ac_cv_env_LDFLAGS_value=
ac_cv_env_LIBNTFS_GNOMEVFS_CFLAGS_set=
ac_cv_env_LIBNTFS_GNOMEVFS_CFLAGS_value=
ac_cv_env_LIBNTFS_GNOMEVFS_LIBS_set=
ac_cv_env_LIBNTFS_GNOMEVFS_LIBS_value=
ac_cv_env_LIBS_set=
ac_cv_env_LIBS_value=
ac_cv_env_LT_SYS_LIBRARY_PATH_set=
ac_cv_env_LT_SYS_LIBRARY_PATH_value=
ac_cv_env_PKG_CONFIG_LIBDIR_set=
ac_cv_env_PKG_CONFIG_LIBDIR_value=
ac_cv_env_PKG_CONFIG_PATH_set=
ac_cv_env_PKG_CONFIG_PATH_value=
ac_cv_env_PKG_CONFIG_set=
ac_cv_env_PKG_CONFIG_value=
ac_cv_env_build_alias_set=
ac_cv_env_build_alias_value=
ac_cv_env_host_alias_set=
ac_cv_env_host_alias_value=
ac_cv_env_libconfig_CFLAGS_set=
ac_cv_env_libconfig_CFLAGS_value=
ac_cv_env_libconfig_LIBS_set=
ac_cv_env_libconfig_LIBS_value=
ac_cv_env_target_alias_set=
ac_cv_env_target_alias_value=
ac_cv_exeext=.exe
ac_cv_func_atexit=yes
ac_cv_func_basename=yes
ac_cv_func_dup2=yes
ac_cv_func_fdatasync=yes
ac_cv_func_getmntent=yes
ac_cv_func_getopt_long=yes
ac_cv_func_hasmntopt=no
ac_cv_func_lstat_dereferences_slashed_symlink=yes
ac_cv_func_mbrtowc=yes
ac_cv_func_mbsinit=yes
ac_cv_func_memcmp_working=yes
ac_cv_func_memmove=yes
ac_cv_func_memset=yes
ac_cv_func_realpath=yes
ac_cv_func_regcomp=yes
ac_cv_func_setlocale=yes
ac_cv_func_setxattr=yes
ac_cv_func_stat_empty_string_bug=no
ac_cv_func_strcasecmp=yes
ac_cv_func_strchr=yes
ac_cv_func_strdup=yes
ac_cv_func_strerror=yes
ac_cv_func_strftime=yes
ac_cv_func_strnlen=yes
ac_cv_func_strtol=yes
ac_cv_func_strtoul=yes
ac_cv_func_sysconf=yes
ac_cv_func_utime=yes
ac_cv_func_utime_null=yes
ac_cv_func_vprintf=yes
ac_cv_header_byteswap_h=yes
ac_cv_header_ctype_h=yes
ac_cv_header_dlfcn_h=yes
ac_cv_header_endian_h=yes
ac_cv_header_errno_h=yes
ac_cv_header_fcntl_h=yes
ac_cv_header_features_h=yes
ac_cv_header_getopt_h=yes
ac_cv_header_inttypes_h=yes
ac_cv_header_libgen_h=yes
ac_cv_header_libintl_h=no
ac_cv_header_limits_h=yes
ac_cv_header_linux_fd_h=no
ac_cv_header_linux_hdreg_h=no
ac_cv_header_linux_major_h=no
ac_cv_header_locale_h=yes
ac_cv_header_machine_endian_h=yes
ac_cv_header_minix_config_h=no
ac_cv_header_mntent_h=yes
ac_cv_header_pwd_h=yes
ac_cv_header_stdarg_h=yes
ac_cv_header_stdbool_h=yes
ac_cv_header_stddef_h=yes
ac_cv_header_stdint_h=yes
ac_cv_header_stdio_h=yes
ac_cv_header_stdlib_h=yes
ac_cv_header_string_h=yes
ac_cv_header_strings_h=yes
ac_cv_header_sys_byteorder_h=no
ac_cv_header_sys_endian_h=no
ac_cv_header_sys_ioctl_h=yes
ac_cv_header_sys_mount_h=yes
ac_cv_header_sys_param_h=yes
ac_cv_header_sys_stat_h=yes
ac_cv_header_sys_statvfs_h=yes
ac_cv_header_sys_sysmacros_h=yes
ac_cv_header_sys_types_h=yes
ac_cv_header_sys_vfs_h=yes
ac_cv_header_syslog_h=yes
ac_cv_header_time_h=yes
ac_cv_header_unistd_h=yes
ac_cv_header_utime_h=yes
ac_cv_header_uuid_uuid_h=no
ac_cv_header_wchar_h=yes
ac_cv_header_windows_h=yes
ac_cv_host=i686-pc-cygwin
ac_cv_member_struct_stat_st_blocks=yes
ac_cv_member_struct_stat_st_rdev=yes
ac_cv_objext=o
ac_cv_path_EGREP='/usr/bin/grep -E'
ac_cv_path_FGREP='/usr/bin/grep -F'
ac_cv_path_GREP=/usr/bin/grep
ac_cv_path_LIBGCRYPT_CONFIG=/usr/bin/libgcrypt-config
ac_cv_path_RM=/usr/bin/rm
ac_cv_path_SED=/usr/bin/sed
ac_cv_path_ac_pt_PKG_CONFIG=/usr/bin/pkg-config
ac_cv_path_install='/usr/bin/install -c'
ac_cv_path_lt_DD=/usr/bin/dd
ac_cv_path_mkdir=/usr/bin/mkdir
ac_cv_prog_AWK=gawk
ac_cv_prog_CPP='gcc -E'
ac_cv_prog_ac_ct_AR=ar
ac_cv_prog_ac_ct_CC=gcc
ac_cv_prog_ac_ct_DLLTOOL=dlltool
ac_cv_prog_ac_ct_OBJDUMP=objdump
ac_cv_prog_ac_ct_RANLIB=ranlib
ac_cv_prog_ac_ct_STRIP=strip
ac_cv_prog_cc_c11=
ac_cv_prog_cc_g=yes
ac_cv_prog_cc_stdc=
ac_cv_prog_gcc_traditional=no
ac_cv_prog_make_make_set=yes
ac_cv_safe_to_define___extensions__=yes
ac_cv_search_getmntent='none required'
ac_cv_should_define__xopen_source=no
ac_cv_sys_file_offset_bits=no
ac_cv_sys_largefile_CC=no
ac_cv_target=i686-pc-cygwin
ac_cv_type__Bool=yes
ac_cv_type_off_t=yes
ac_cv_type_size_t=yes
am_cv_CC_dependencies_compiler_type=gcc3
am_cv_make_support_nested_variables=yes
am_cv_prog_cc_c_o=yes
lt_cv_ar_at_file=@
lt_cv_archive_cmds_need_lc=yes
lt_cv_deplibs_check_method='file_magic ^x86 archive import|^x86 DLL'
lt_cv_file_magic_cmd=func_win32_libid
lt_cv_file_magic_test_file=
lt_cv_ld_reload_flag=-r
lt_cv_nm_interface='BSD nm'
lt_cv_objdir=.libs
lt_cv_path_LD=/usr/i686-pc-cygwin/bin/ld.exe
lt_cv_path_NM='/usr/bin/nm -B'
lt_cv_path_mainfest_tool=no
lt_cv_prog_compiler_c_o=yes
lt_cv_prog_compiler_pic='-DDLL_EXPORT -DPIC'
lt_cv_prog_compiler_pic_works=yes
lt_cv_prog_compiler_rtti_exceptions=no
lt_cv_prog_compiler_static_works=yes
lt_cv_prog_gnu_ld=yes
lt_cv_sharedlib_from_linklib_cmd=func_cygming_dll_for_implib
lt_cv_sys_global_symbol_pipe='sed -n -e '\''s/^.*[	 ]\([ABCDGIRSTW][ABCDGIRSTW]*\)[	 ][	 ]*_\([_A-Za-z][_A-Za-z0-9]*\)$/\1 _\2 \2/p'\'' | sed '\''/ __gnu_lto/d'\'''
lt_cv_sys_global_symbol_to_c_name_address='sed -n -e '\''s/^: \(.*\) .*$/  {"\1", (void *) 0},/p'\'' -e '\''s/^[ABCDGIRSTW][ABCDGIRSTW]* .* \(.*\)$/  {"\1", (void *) \&\1},/p'\'''
lt_cv_sys_global_symbol_to_c_name_address_lib_prefix='sed -n -e '\''s/^: \(.*\) .*$/  {"\1", (void *) 0},/p'\'' -e '\''s/^[ABCDGIRSTW][ABCDGIRSTW]* .* \(lib.*\)$/  {"\1", (void *) \&\1},/p'\'' -e '\''s/^[ABCDGIRSTW][ABCDGIRSTW]* .* \(.*\)$/  {"lib\1", (void *) \&\1},/p'\'''
lt_cv_sys_global_symbol_to_cdecl='sed -n -e '\''s/^T .* \(.*\)$/extern int \1();/p'\'' -e '\''s/^[ABCDGIRSTW][ABCDGIRSTW]* .* \(.*\)$/extern char \1;/p'\'''
lt_cv_sys_global_symbol_to_import=
lt_cv_sys_max_cmd_len=8192
lt_cv_to_host_file_cmd=func_convert_file_noop
lt_cv_to_tool_file_cmd=func_convert_file_noop
lt_cv_truncate_bin='/usr/bin/dd bs=4096 count=1'

## ----------------- ##
## Output variables. ##
## ----------------- ##

ACLOCAL='${SHELL} '\''/home/67566/DataRecovery_bak/libtestdisk/ntfsprogs/missing'\'' aclocal-1.16'
AMDEPBACKSLASH='\'
AMDEP_FALSE='#'
AMDEP_TRUE=''
AMTAR='$${TAR-tar}'
AM_BACKSLASH='\'
AM_DEFAULT_V='$(AM_DEFAULT_VERBOSITY)'
AM_DEFAULT_VERBOSITY='1'
AM_V='$(V)'
AR='ar'
AUTOCONF='${SHELL} '\''/home/67566/DataRecovery_bak/libtestdisk/ntfsprogs/missing'\'' autoconf'
AUTODIRS=''
AUTOHEADER='${SHELL} '\''/home/67566/DataRecovery_bak/libtestdisk/ntfsprogs/missing'\'' autoheader'
AUTOMAKE='${SHELL} '\''/home/67566/DataRecovery_bak/libtestdisk/ntfsprogs/missing'\'' automake-1.16'
AWK='gawk'
CC='gcc'
CCDEPMODE='depmode=gcc3'
CFLAGS='-g -O2 -Wall'
CPP='gcc -E'
CPPFLAGS=''
CSCOPE='cscope'
CTAGS='ctags'
CYGPATH_W='cygpath -w'
DEFS='-DHAVE_CONFIG_H'
DEPDIR='.deps'
DLLTOOL='dlltool'
DSYMUTIL=''
DUMPBIN=''
ECHO_C=''
ECHO_N='-n'
ECHO_T=''
EGREP='/usr/bin/grep -E'
ENABLE_CRYPTO_FALSE=''
ENABLE_CRYPTO_TRUE='#'
ENABLE_FUSE_FALSE=''
ENABLE_FUSE_TRUE='#'
ENABLE_GNOME_VFS_FALSE=''
ENABLE_GNOME_VFS_TRUE='#'
ENABLE_TEST_FALSE=''
ENABLE_TEST_TRUE='#'
ETAGS='etags'
EXEEXT='.exe'
FGREP='/usr/bin/grep -F'
FUSE_CFLAGS=''
FUSE_LIBS=''
GNUTLS_CFLAGS=''
GNUTLS_LIBS=''
GREP='/usr/bin/grep'
INSTALL_DATA='${INSTALL} -m 644'
INSTALL_PROGRAM='${INSTALL}'
INSTALL_SCRIPT='${INSTALL}'
INSTALL_STRIP_PROGRAM='$(install_sh) -c -s'
LD='/usr/i686-pc-cygwin/bin/ld.exe'
LDFLAGS=''
LIBGCRYPT_CFLAGS=''
LIBGCRYPT_CONFIG='/usr/bin/libgcrypt-config'
LIBGCRYPT_LIBS='-lgcrypt -lgpg-error'
LIBNTFS_CFLAGS=''
LIBNTFS_GNOMEVFS_CFLAGS=''
LIBNTFS_GNOMEVFS_LIBS=''
LIBOBJS=''
LIBS=''
LIBTOOL='$(SHELL) $(top_builddir)/libtool'
LIPO=''
LN_S='ln -s'
LTLIBOBJS=''
LTVERSION_LIBNTFS='10:0:0'
LT_SYS_LIBRARY_PATH=''
MAINT='#'
MAINTAINER_MODE_FALSE=''
MAINTAINER_MODE_TRUE='#'
MAKEINFO='${SHELL} '\''/home/67566/DataRecovery_bak/libtestdisk/ntfsprogs/missing'\'' makeinfo'
MANIFEST_TOOL=':'
MKDIR_P='/usr/bin/mkdir -p'
MKNTFS_CPPFLAGS=''
MKNTFS_LIBS=''
NM='/usr/bin/nm -B'
NMEDIT=''
OBJDUMP='objdump'
OBJEXT='o'
OTOOL64=''
OTOOL=''
PACKAGE='ntfsprogs'
PACKAGE_BUGREPORT='linux-ntfs-dev@lists.sourceforge.net'
PACKAGE_NAME='ntfsprogs'
PACKAGE_STRING='ntfsprogs 2.0.0'
PACKAGE_TARNAME='ntfsprogs'
PACKAGE_URL=''
PACKAGE_VERSION='2.0.0'
PATH_SEPARATOR=':'
PKG_CONFIG='/usr/bin/pkg-config'
PKG_CONFIG_LIBDIR=''
PKG_CONFIG_PATH=':/usr/lib/pkgconfig:/opt/gnome/lib/pkgconfig:/usr/share/pkgconfig:/usr/local/lib/pkgconfig:/usr/local/lib/pkgconfig:/opt/gnome/share/pkgconfig:/usr/local/share/pkgconfig'
RANLIB='ranlib'
REALLYSTATIC_FALSE=''
REALLYSTATIC_TRUE='#'
RM='/usr/bin/rm'
SED='/usr/bin/sed'
SET_MAKE=''
SHELL='/bin/sh'
STRIP='strip'
VERSION='2.0.0'
ac_ct_AR='ar'
ac_ct_CC='gcc'
ac_ct_DUMPBIN=''
all_includes=' '
all_libraries=' '
am__EXEEXT_FALSE='#'
am__EXEEXT_TRUE=''
am__fastdepCC_FALSE='#'
am__fastdepCC_TRUE=''
am__include='include'
am__isrc=''
am__leading_dot='.'
am__nodep='_no'
am__quote=''
am__tar='$${TAR-tar} chof - "$$tardir"'
am__untar='$${TAR-tar} xf -'
bindir='${exec_prefix}/bin'
build='i686-pc-cygwin'
build_alias=''
build_cpu='i686'
build_os='cygwin'
build_vendor='pc'
datadir='${datarootdir}'
datarootdir='${prefix}/share'
docdir='${datarootdir}/doc/${PACKAGE_TARNAME}'
dvidir='${docdir}'
exec_prefix='${prefix}'
host=''
host_alias=''
host_cpu='i686'
host_os='cygwin'
host_vendor='pc'
htmldir='${docdir}'
includedir='${prefix}/include'
infodir='${datarootdir}/info'
install_sh='${SHELL} /home/67566/DataRecovery_bak/libtestdisk/ntfsprogs/install-sh'
libconfig_CFLAGS=''
libconfig_LIBS=''
libdir='${exec_prefix}/lib'
libexecdir='${exec_prefix}/libexec'
localedir='${datarootdir}/locale'
localstatedir='${prefix}/var'
mandir='${datarootdir}/man'
mkdir_p='$(MKDIR_P)'
oldincludedir='/usr/include'
pdfdir='${docdir}'
prefix='/usr/local'
program_transform_name='s,x,x,'
psdir='${docdir}'
runstatedir='${localstatedir}/run'
sbindir='${exec_prefix}/sbin'
sharedstatedir='${prefix}/com'
sysconfdir='${prefix}/etc'
target='i686-pc-cygwin'
target_alias=''
target_cpu='i686'
target_os='cygwin'
target_vendor='pc'

## ----------- ##
## confdefs.h. ##
## ----------- ##

/* confdefs.h */
#define PACKAGE_NAME "ntfsprogs"
#define PACKAGE_TARNAME "ntfsprogs"
#define PACKAGE_VERSION "2.0.0"
#define PACKAGE_STRING "ntfsprogs 2.0.0"
#define PACKAGE_BUGREPORT "linux-ntfs-dev@lists.sourceforge.net"
#define PACKAGE_URL ""
#define PACKAGE "ntfsprogs"
#define VERSION "2.0.0"
#define HAVE_STDIO_H 1
#define HAVE_STDLIB_H 1
#define HAVE_STRING_H 1
#define HAVE_INTTYPES_H 1
#define HAVE_STDINT_H 1
#define HAVE_STRINGS_H 1
#define HAVE_SYS_STAT_H 1
#define HAVE_SYS_TYPES_H 1
#define HAVE_UNISTD_H 1
#define HAVE_WCHAR_H 1
#define HAVE_UTIME_H 1
#define STDC_HEADERS 1
#define _ALL_SOURCE 1
#define _DARWIN_C_SOURCE 1
#define _GNU_SOURCE 1
#define _HPUX_ALT_XOPEN_SOCKET_API 1
#define _NETBSD_SOURCE 1
#define _OPENBSD_SOURCE 1
#define _POSIX_PTHREAD_SEMANTICS 1
#define __STDC_WANT_IEC_60559_ATTRIBS_EXT__ 1
#define __STDC_WANT_IEC_60559_BFP_EXT__ 1
#define __STDC_WANT_IEC_60559_DFP_EXT__ 1
#define __STDC_WANT_IEC_60559_FUNCS_EXT__ 1
#define __STDC_WANT_IEC_60559_TYPES_EXT__ 1
#define __STDC_WANT_LIB_EXT2__ 1
#define __STDC_WANT_MATH_SPEC_FUNCS__ 1
#define _TANDEM_SOURCE 1
#define __EXTENSIONS__ 1
#define HAVE_DLFCN_H 1
#define LT_OBJDIR ".libs/"
#define HAVE_CTYPE_H 1
#define HAVE_FCNTL_H 1
#define HAVE_LIBGEN_H 1
#define HAVE_LIMITS_H 1
#define HAVE_LOCALE_H 1
#define HAVE_MNTENT_H 1
#define HAVE_STDDEF_H 1
#define HAVE_STDINT_H 1
#define HAVE_STDLIB_H 1
#define HAVE_STDIO_H 1
#define HAVE_STDARG_H 1
#define HAVE_STRING_H 1
#define HAVE_STRINGS_H 1
#define HAVE_ERRNO_H 1
#define HAVE_TIME_H 1
#define HAVE_UNISTD_H 1
#define HAVE_UTIME_H 1
#define HAVE_WCHAR_H 1
#define HAVE_GETOPT_H 1
#define HAVE_FEATURES_H 1
#define HAVE_ENDIAN_H 1
#define HAVE_BYTESWAP_H 1
#define HAVE_SYS_PARAM_H 1
#define HAVE_SYS_IOCTL_H 1
#define HAVE_SYS_MOUNT_H 1
#define HAVE_SYS_STAT_H 1
#define HAVE_SYS_TYPES_H 1
#define HAVE_SYS_VFS_H 1
#define HAVE_SYS_STATVFS_H 1
#define HAVE_SYS_SYSMACROS_H 1
#define HAVE_MACHINE_ENDIAN_H 1
#define HAVE_WINDOWS_H 1
#define HAVE_SYSLOG_H 1
#define HAVE_PWD_H 1
#define HAVE__BOOL 1
#define HAVE_STDBOOL_H 1
#define WORDS_LITTLEENDIAN 1
#define HAVE_STRUCT_STAT_ST_BLOCKS 1
#define HAVE_ST_BLOCKS 1
#define HAVE_STRUCT_STAT_ST_RDEV 1
#define HAVE_GETMNTENT 1
#define HAVE_MBRTOWC 1
#define LSTAT_FOLLOWS_SLASHED_SYMLINK 1
#define HAVE_STRFTIME 1
#define HAVE_UTIME_NULL 1
#define HAVE_VPRINTF 1
#define HAVE_ATEXIT 1
#define HAVE_BASENAME 1
#define HAVE_DUP2 1
#define HAVE_FDATASYNC 1
#define HAVE_GETOPT_LONG 1
#define HAVE_MBSINIT 1
#define HAVE_MEMMOVE 1
#define HAVE_MEMSET 1
#define HAVE_REALPATH 1
#define HAVE_REGCOMP 1
#define HAVE_SETLOCALE 1
#define HAVE_SETXATTR 1
#define HAVE_STRCASECMP 1
#define HAVE_STRCHR 1
#define HAVE_STRDUP 1
#define HAVE_STRERROR 1
#define HAVE_STRNLEN 1
#define HAVE_STRTOL 1
#define HAVE_STRTOUL 1
#define HAVE_SYSCONF 1
#define HAVE_UTIME 1

configure: exit 0
